The system is: Linux - 4.4.0-142-generic - x86_64
Compiling the C compiler identification source file "CMakeCCompilerId.c" succeeded.
Compiler: /opt/poky/1.7/sysroots/x86_64-pokysdk-linux/usr/bin/arm-poky-linux-gnueabi/arm-poky-linux-gnueabi-gcc -march=armv7-a;-mthumb-interwork;-mfloat-abi=hard;-mfpu=neon;-mtune=cortex-a9;--sysroot=/opt/poky/1.7/sysroots/cortexa9hf-vfp-neon-poky-linux-gnueabi
Build flags: ;-O2;-pipe;-g;-feliminate-unused-debug-types
Id flags:  

The output was:
0


Compilation of the C compiler identification source "CMakeCCompilerId.c" produced "a.out"

The C compiler identification is GNU, found in "/home/siasunhebo/ggm/siasun-fhjqr11.11/cmake-build-debug/CMakeFiles/3.14.3/CompilerIdC/a.out"

Compiling the CXX compiler identification source file "CMakeCXXCompilerId.cpp" succeeded.
Compiler: /opt/poky/1.7/sysroots/x86_64-pokysdk-linux/usr/bin/arm-poky-linux-gnueabi/arm-poky-linux-gnueabi-g++ -march=armv7-a;-mthumb-interwork;-mfloat-abi=hard;-mfpu=neon;-mtune=cortex-a9;--sysroot=/opt/poky/1.7/sysroots/cortexa9hf-vfp-neon-poky-linux-gnueabi
Build flags: ;-O2;-pipe;-g;-feliminate-unused-debug-types
Id flags:  

The output was:
0


Compilation of the CXX compiler identification source "CMakeCXXCompilerId.cpp" produced "a.out"

The CXX compiler identification is GNU, found in "/home/siasunhebo/ggm/siasun-fhjqr11.11/cmake-build-debug/CMakeFiles/3.14.3/CompilerIdCXX/a.out"

Determining if the C compiler works passed with the following output:
Change Dir: /home/siasunhebo/ggm/siasun-fhjqr11.11/cmake-build-debug/CMakeFiles/CMakeTmp

Run Build Command(s):/usr/bin/make cmTC_67dd6/fast 
/usr/bin/make -f CMakeFiles/cmTC_67dd6.dir/build.make CMakeFiles/cmTC_67dd6.dir/build
make[1]: 正在进入目录 `/home/siasunhebo/ggm/siasun-fhjqr11.11/cmake-build-debug/CMakeFiles/CMakeTmp'
Building C object CMakeFiles/cmTC_67dd6.dir/testCCompiler.c.o
/opt/poky/1.7/sysroots/x86_64-pokysdk-linux/usr/bin/arm-poky-linux-gnueabi/arm-poky-linux-gnueabi-gcc   -march=armv7-a -mthumb-interwork -mfloat-abi=hard -mfpu=neon -mtune=cortex-a9 --sysroot=/opt/poky/1.7/sysroots/cortexa9hf-vfp-neon-poky-linux-gnueabi   -O2 -pipe -g -feliminate-unused-debug-types    -o CMakeFiles/cmTC_67dd6.dir/testCCompiler.c.o   -c /home/siasunhebo/ggm/siasun-fhjqr11.11/cmake-build-debug/CMakeFiles/CMakeTmp/testCCompiler.c
Linking C executable cmTC_67dd6
/home/siasunhebo/clion-2019.1.4/bin/cmake/linux/bin/cmake -E cmake_link_script CMakeFiles/cmTC_67dd6.dir/link.txt --verbose=1
/opt/poky/1.7/sysroots/x86_64-pokysdk-linux/usr/bin/arm-poky-linux-gnueabi/arm-poky-linux-gnueabi-gcc   -march=armv7-a -mthumb-interwork -mfloat-abi=hard -mfpu=neon -mtune=cortex-a9 --sysroot=/opt/poky/1.7/sysroots/cortexa9hf-vfp-neon-poky-linux-gnueabi -O2 -pipe -g -feliminate-unused-debug-types   -Wl,-O1 -Wl,--hash-style=gnu -Wl,--as-needed  CMakeFiles/cmTC_67dd6.dir/testCCompiler.c.o  -o cmTC_67dd6 
make[1]:正在离开目录 `/home/siasunhebo/ggm/siasun-fhjqr11.11/cmake-build-debug/CMakeFiles/CMakeTmp'


Detecting C compiler ABI info compiled with the following output:
Change Dir: /home/siasunhebo/ggm/siasun-fhjqr11.11/cmake-build-debug/CMakeFiles/CMakeTmp

Run Build Command(s):/usr/bin/make cmTC_2e52c/fast 
/usr/bin/make -f CMakeFiles/cmTC_2e52c.dir/build.make CMakeFiles/cmTC_2e52c.dir/build
make[1]: Entering directory `/home/siasunhebo/ggm/siasun-fhjqr11.11/cmake-build-debug/CMakeFiles/CMakeTmp'
Building C object CMakeFiles/cmTC_2e52c.dir/CMakeCCompilerABI.c.o
/opt/poky/1.7/sysroots/x86_64-pokysdk-linux/usr/bin/arm-poky-linux-gnueabi/arm-poky-linux-gnueabi-gcc   -march=armv7-a -mthumb-interwork -mfloat-abi=hard -mfpu=neon -mtune=cortex-a9 --sysroot=/opt/poky/1.7/sysroots/cortexa9hf-vfp-neon-poky-linux-gnueabi   -O2 -pipe -g -feliminate-unused-debug-types    -v -o CMakeFiles/cmTC_2e52c.dir/CMakeCCompilerABI.c.o   -c /home/siasunhebo/clion-2019.1.4/bin/cmake/linux/share/cmake-3.14/Modules/CMakeCCompilerABI.c
Using built-in specs.
COLLECT_GCC=/opt/poky/1.7/sysroots/x86_64-pokysdk-linux/usr/bin/arm-poky-linux-gnueabi/arm-poky-linux-gnueabi-gcc
Target: arm-poky-linux-gnueabi
Configured with: /home/yuanwenlin/imx6/imx6dl/imx6dlsabresd-fb/tmp/work-shared/gcc-4.9.1-r0/gcc-4.9.1/configure --build=x86_64-linux --host=x86_64-pokysdk-linux --target=arm-poky-linux-gnueabi --prefix=/opt/poky/1.7/sysroots/x86_64-pokysdk-linux/usr --exec_prefix=/opt/poky/1.7/sysroots/x86_64-pokysdk-linux/usr --bindir=/opt/poky/1.7/sysroots/x86_64-pokysdk-linux/usr/bin/arm-poky-linux-gnueabi --sbindir=/opt/poky/1.7/sysroots/x86_64-pokysdk-linux/usr/bin/arm-poky-linux-gnueabi --libexecdir=/opt/poky/1.7/sysroots/x86_64-pokysdk-linux/usr/libexec/arm-poky-linux-gnueabi --datadir=/opt/poky/1.7/sysroots/x86_64-pokysdk-linux/usr/share --sysconfdir=/opt/poky/1.7/sysroots/x86_64-pokysdk-linux/etc --sharedstatedir=/opt/poky/1.7/sysroots/x86_64-pokysdk-linux/com --localstatedir=/opt/poky/1.7/sysroots/x86_64-pokysdk-linux/var --libdir=/opt/poky/1.7/sysroots/x86_64-pokysdk-linux/usr/lib/arm-poky-linux-gnueabi --includedir=/opt/poky/1.7/sysroots/x86_64-pokysdk-linux/usr/include --oldincludedir=/opt/poky/1.7/sysroots/x86_64-pokysdk-linux/usr/include --infodir=/opt/poky/1.7/sysroots/x86_64-pokysdk-linux/usr/share/info --mandir=/opt/poky/1.7/sysroots/x86_64-pokysdk-linux/usr/share/man --disable-silent-rules --disable-dependency-tracking --with-libtool-sysroot=/home/yuanwenlin/imx6/imx6dl/imx6dlsabresd-fb/tmp/sysroots/x86_64-nativesdk-pokysdk-linux --with-gnu-ld --enable-shared --enable-languages=c,c++ --enable-threads=posix --enable-multilib --enable-c99 --enable-long-long --enable-symvers=gnu --enable-libstdcxx-pch --program-prefix=arm-poky-linux-gnueabi- --without-local-prefix --enable-target-optspace --enable-lto --enable-libssp --disable-bootstrap --disable-libmudflap --with-system-zlib --with-linker-hash-style=gnu --enable-linker-build-id --with-ppl=no --with-cloog=no --enable-checking=release --enable-cheaders=c_global --with-gxx-include-dir=/opt/poky/1.7/sysroots/cortexa9hf-vfp-neon-poky-linux-gnueabi/usr/include/c++/4.9.1 --with-build-time-tools=/home/yuanwenlin/imx6/imx6dl/imx6dlsabresd-fb/tmp/sysroots/x86_64-linux/usr/arm-poky-linux-gnueabi/bin --with-sysroot=/opt/poky/1.7/sysroots/cortexa9hf-vfp-neon-poky-linux-gnueabi --with-build-sysroot=/home/yuanwenlin/imx6/imx6dl/imx6dlsabresd-fb/tmp/sysroots/imx6dlsabresd --enable-poison-system-directories --with-mpfr=/home/yuanwenlin/imx6/imx6dl/imx6dlsabresd-fb/tmp/sysroots/x86_64-nativesdk-pokysdk-linux --with-mpc=/home/yuanwenlin/imx6/imx6dl/imx6dlsabresd-fb/tmp/sysroots/x86_64-nativesdk-pokysdk-linux --enable-nls --with-arch=armv7-a
Thread model: posix
gcc version 4.9.1 (GCC) 
COLLECT_GCC_OPTIONS='--sysroot=/opt/poky/1.7/sysroots/cortexa9hf-vfp-neon-poky-linux-gnueabi' '-march=armv7-a' '-mthumb-interwork' '-mfloat-abi=hard' '-mfpu=neon' '-mtune=cortex-a9' '-O2' '-pipe' '-g' '-feliminate-unused-debug-types' '-v' '-o' 'CMakeFiles/cmTC_2e52c.dir/CMakeCCompilerABI.c.o' '-c' '-mtls-dialect=gnu'
 /opt/poky/1.7/sysroots/x86_64-pokysdk-linux/usr/libexec/arm-poky-linux-gnueabi/gcc/arm-poky-linux-gnueabi/4.9.1/cc1 -quiet -v -isysroot /opt/poky/1.7/sysroots/cortexa9hf-vfp-neon-poky-linux-gnueabi /home/siasunhebo/clion-2019.1.4/bin/cmake/linux/share/cmake-3.14/Modules/CMakeCCompilerABI.c -quiet -dumpbase CMakeCCompilerABI.c -march=armv7-a -mthumb-interwork -mfloat-abi=hard -mfpu=neon -mtune=cortex-a9 -mtls-dialect=gnu -auxbase-strip CMakeFiles/cmTC_2e52c.dir/CMakeCCompilerABI.c.o -g -O2 -version -feliminate-unused-debug-types -o - |
 /opt/poky/1.7/sysroots/x86_64-pokysdk-linux/usr/libexec/arm-poky-linux-gnueabi/gcc/arm-poky-linux-gnueabi/4.9.1/as -v -march=armv7-a -mthumb-interwork -mfloat-abi=hard -mfpu=neon -meabi=5 -o CMakeFiles/cmTC_2e52c.dir/CMakeCCompilerABI.c.o
GNU C (GCC) version 4.9.1 (arm-poky-linux-gnueabi)
	compiled by GNU C version 4.9.1, GMP version 6.0.0, MPFR version 3.1.2, MPC version 1.0.2
GGC heuristics: --param ggc-min-expand=100 --param ggc-min-heapsize=131072
GNU assembler version 2.24 (arm-poky-linux-gnueabi) using BFD version (GNU Binutils) 2.24
ignoring nonexistent directory "/opt/poky/1.7/sysroots/cortexa9hf-vfp-neon-poky-linux-gnueabi/usr/local/include"
ignoring nonexistent directory "/opt/poky/1.7/sysroots/x86_64-pokysdk-linux/usr/lib/arm-poky-linux-gnueabi/gcc/arm-poky-linux-gnueabi/4.9.1/../../../../../arm-poky-linux-gnueabi/include"
#include "..." search starts here:
#include <...> search starts here:
 /opt/poky/1.7/sysroots/x86_64-pokysdk-linux/usr/lib/arm-poky-linux-gnueabi/gcc/arm-poky-linux-gnueabi/4.9.1/include
 /opt/poky/1.7/sysroots/x86_64-pokysdk-linux/usr/lib/arm-poky-linux-gnueabi/gcc/arm-poky-linux-gnueabi/4.9.1/include-fixed
 /opt/poky/1.7/sysroots/cortexa9hf-vfp-neon-poky-linux-gnueabi/usr/include
End of search list.
GNU C (GCC) version 4.9.1 (arm-poky-linux-gnueabi)
	compiled by GNU C version 4.9.1, GMP version 6.0.0, MPFR version 3.1.2, MPC version 1.0.2
GGC heuristics: --param ggc-min-expand=100 --param ggc-min-heapsize=131072
Compiler executable checksum: c876247a437833c1a097809dd6fa3ca1
COMPILER_PATH=/opt/poky/1.7/sysroots/x86_64-pokysdk-linux/usr/libexec/arm-poky-linux-gnueabi/gcc/arm-poky-linux-gnueabi/4.9.1/:/opt/poky/1.7/sysroots/x86_64-pokysdk-linux/usr/libexec/arm-poky-linux-gnueabi/gcc/arm-poky-linux-gnueabi/4.9.1/:/opt/poky/1.7/sysroots/x86_64-pokysdk-linux/usr/libexec/arm-poky-linux-gnueabi/gcc/arm-poky-linux-gnueabi/:/opt/poky/1.7/sysroots/x86_64-pokysdk-linux/usr/lib/arm-poky-linux-gnueabi/gcc/arm-poky-linux-gnueabi/4.9.1/:/opt/poky/1.7/sysroots/x86_64-pokysdk-linux/usr/lib/arm-poky-linux-gnueabi/gcc/arm-poky-linux-gnueabi/
LIBRARY_PATH=/opt/poky/1.7/sysroots/x86_64-pokysdk-linux/usr/lib/arm-poky-linux-gnueabi/gcc/arm-poky-linux-gnueabi/4.9.1/:/opt/poky/1.7/sysroots/cortexa9hf-vfp-neon-poky-linux-gnueabi/lib/:/opt/poky/1.7/sysroots/cortexa9hf-vfp-neon-poky-linux-gnueabi/usr/lib/arm-poky-linux-gnueabi/4.9.1/:/opt/poky/1.7/sysroots/cortexa9hf-vfp-neon-poky-linux-gnueabi/usr/lib/
COLLECT_GCC_OPTIONS='--sysroot=/opt/poky/1.7/sysroots/cortexa9hf-vfp-neon-poky-linux-gnueabi' '-march=armv7-a' '-mthumb-interwork' '-mfloat-abi=hard' '-mfpu=neon' '-mtune=cortex-a9' '-O2' '-pipe' '-g' '-feliminate-unused-debug-types' '-v' '-o' 'CMakeFiles/cmTC_2e52c.dir/CMakeCCompilerABI.c.o' '-c' '-mtls-dialect=gnu'
Linking C executable cmTC_2e52c
/home/siasunhebo/clion-2019.1.4/bin/cmake/linux/bin/cmake -E cmake_link_script CMakeFiles/cmTC_2e52c.dir/link.txt --verbose=1
/opt/poky/1.7/sysroots/x86_64-pokysdk-linux/usr/bin/arm-poky-linux-gnueabi/arm-poky-linux-gnueabi-gcc   -march=armv7-a -mthumb-interwork -mfloat-abi=hard -mfpu=neon -mtune=cortex-a9 --sysroot=/opt/poky/1.7/sysroots/cortexa9hf-vfp-neon-poky-linux-gnueabi -O2 -pipe -g -feliminate-unused-debug-types   -Wl,-O1 -Wl,--hash-style=gnu -Wl,--as-needed -v CMakeFiles/cmTC_2e52c.dir/CMakeCCompilerABI.c.o  -o cmTC_2e52c 
Using built-in specs.
COLLECT_GCC=/opt/poky/1.7/sysroots/x86_64-pokysdk-linux/usr/bin/arm-poky-linux-gnueabi/arm-poky-linux-gnueabi-gcc
COLLECT_LTO_WRAPPER=/opt/poky/1.7/sysroots/x86_64-pokysdk-linux/usr/libexec/arm-poky-linux-gnueabi/gcc/arm-poky-linux-gnueabi/4.9.1/lto-wrapper
Target: arm-poky-linux-gnueabi
Configured with: /home/yuanwenlin/imx6/imx6dl/imx6dlsabresd-fb/tmp/work-shared/gcc-4.9.1-r0/gcc-4.9.1/configure --build=x86_64-linux --host=x86_64-pokysdk-linux --target=arm-poky-linux-gnueabi --prefix=/opt/poky/1.7/sysroots/x86_64-pokysdk-linux/usr --exec_prefix=/opt/poky/1.7/sysroots/x86_64-pokysdk-linux/usr --bindir=/opt/poky/1.7/sysroots/x86_64-pokysdk-linux/usr/bin/arm-poky-linux-gnueabi --sbindir=/opt/poky/1.7/sysroots/x86_64-pokysdk-linux/usr/bin/arm-poky-linux-gnueabi --libexecdir=/opt/poky/1.7/sysroots/x86_64-pokysdk-linux/usr/libexec/arm-poky-linux-gnueabi --datadir=/opt/poky/1.7/sysroots/x86_64-pokysdk-linux/usr/share --sysconfdir=/opt/poky/1.7/sysroots/x86_64-pokysdk-linux/etc --sharedstatedir=/opt/poky/1.7/sysroots/x86_64-pokysdk-linux/com --localstatedir=/opt/poky/1.7/sysroots/x86_64-pokysdk-linux/var --libdir=/opt/poky/1.7/sysroots/x86_64-pokysdk-linux/usr/lib/arm-poky-linux-gnueabi --includedir=/opt/poky/1.7/sysroots/x86_64-pokysdk-linux/usr/include --oldincludedir=/opt/poky/1.7/sysroots/x86_64-pokysdk-linux/usr/include --infodir=/opt/poky/1.7/sysroots/x86_64-pokysdk-linux/usr/share/info --mandir=/opt/poky/1.7/sysroots/x86_64-pokysdk-linux/usr/share/man --disable-silent-rules --disable-dependency-tracking --with-libtool-sysroot=/home/yuanwenlin/imx6/imx6dl/imx6dlsabresd-fb/tmp/sysroots/x86_64-nativesdk-pokysdk-linux --with-gnu-ld --enable-shared --enable-languages=c,c++ --enable-threads=posix --enable-multilib --enable-c99 --enable-long-long --enable-symvers=gnu --enable-libstdcxx-pch --program-prefix=arm-poky-linux-gnueabi- --without-local-prefix --enable-target-optspace --enable-lto --enable-libssp --disable-bootstrap --disable-libmudflap --with-system-zlib --with-linker-hash-style=gnu --enable-linker-build-id --with-ppl=no --with-cloog=no --enable-checking=release --enable-cheaders=c_global --with-gxx-include-dir=/opt/poky/1.7/sysroots/cortexa9hf-vfp-neon-poky-linux-gnueabi/usr/include/c++/4.9.1 --with-build-time-tools=/home/yuanwenlin/imx6/imx6dl/imx6dlsabresd-fb/tmp/sysroots/x86_64-linux/usr/arm-poky-linux-gnueabi/bin --with-sysroot=/opt/poky/1.7/sysroots/cortexa9hf-vfp-neon-poky-linux-gnueabi --with-build-sysroot=/home/yuanwenlin/imx6/imx6dl/imx6dlsabresd-fb/tmp/sysroots/imx6dlsabresd --enable-poison-system-directories --with-mpfr=/home/yuanwenlin/imx6/imx6dl/imx6dlsabresd-fb/tmp/sysroots/x86_64-nativesdk-pokysdk-linux --with-mpc=/home/yuanwenlin/imx6/imx6dl/imx6dlsabresd-fb/tmp/sysroots/x86_64-nativesdk-pokysdk-linux --enable-nls --with-arch=armv7-a
Thread model: posix
gcc version 4.9.1 (GCC) 
COMPILER_PATH=/opt/poky/1.7/sysroots/x86_64-pokysdk-linux/usr/libexec/arm-poky-linux-gnueabi/gcc/arm-poky-linux-gnueabi/4.9.1/:/opt/poky/1.7/sysroots/x86_64-pokysdk-linux/usr/libexec/arm-poky-linux-gnueabi/gcc/arm-poky-linux-gnueabi/4.9.1/:/opt/poky/1.7/sysroots/x86_64-pokysdk-linux/usr/libexec/arm-poky-linux-gnueabi/gcc/arm-poky-linux-gnueabi/:/opt/poky/1.7/sysroots/x86_64-pokysdk-linux/usr/lib/arm-poky-linux-gnueabi/gcc/arm-poky-linux-gnueabi/4.9.1/:/opt/poky/1.7/sysroots/x86_64-pokysdk-linux/usr/lib/arm-poky-linux-gnueabi/gcc/arm-poky-linux-gnueabi/
LIBRARY_PATH=/opt/poky/1.7/sysroots/x86_64-pokysdk-linux/usr/lib/arm-poky-linux-gnueabi/gcc/arm-poky-linux-gnueabi/4.9.1/:/opt/poky/1.7/sysroots/cortexa9hf-vfp-neon-poky-linux-gnueabi/lib/:/opt/poky/1.7/sysroots/cortexa9hf-vfp-neon-poky-linux-gnueabi/usr/lib/arm-poky-linux-gnueabi/4.9.1/:/opt/poky/1.7/sysroots/cortexa9hf-vfp-neon-poky-linux-gnueabi/usr/lib/
COLLECT_GCC_OPTIONS='--sysroot=/opt/poky/1.7/sysroots/cortexa9hf-vfp-neon-poky-linux-gnueabi' '-march=armv7-a' '-mthumb-interwork' '-mfloat-abi=hard' '-mfpu=neon' '-mtune=cortex-a9' '-O2' '-pipe' '-g' '-feliminate-unused-debug-types' '-v' '-o' 'cmTC_2e52c' '-mtls-dialect=gnu'
 /opt/poky/1.7/sysroots/x86_64-pokysdk-linux/usr/libexec/arm-poky-linux-gnueabi/gcc/arm-poky-linux-gnueabi/4.9.1/collect2 -plugin /opt/poky/1.7/sysroots/x86_64-pokysdk-linux/usr/libexec/arm-poky-linux-gnueabi/gcc/arm-poky-linux-gnueabi/4.9.1/liblto_plugin.so -plugin-opt=/opt/poky/1.7/sysroots/x86_64-pokysdk-linux/usr/libexec/arm-poky-linux-gnueabi/gcc/arm-poky-linux-gnueabi/4.9.1/lto-wrapper -plugin-opt=-fresolution=/tmp/ccDpgohF.res -plugin-opt=-pass-through=-lgcc -plugin-opt=-pass-through=-lgcc_s -plugin-opt=-pass-through=-lc -plugin-opt=-pass-through=-lgcc -plugin-opt=-pass-through=-lgcc_s --sysroot=/opt/poky/1.7/sysroots/cortexa9hf-vfp-neon-poky-linux-gnueabi --build-id --eh-frame-hdr --hash-style=gnu -dynamic-linker /lib/ld-linux-armhf.so.3 -X -m armelf_linux_eabi -o cmTC_2e52c /opt/poky/1.7/sysroots/cortexa9hf-vfp-neon-poky-linux-gnueabi/usr/lib/crt1.o /opt/poky/1.7/sysroots/cortexa9hf-vfp-neon-poky-linux-gnueabi/usr/lib/crti.o /opt/poky/1.7/sysroots/cortexa9hf-vfp-neon-poky-linux-gnueabi/usr/lib/arm-poky-linux-gnueabi/4.9.1/crtbegin.o -L/opt/poky/1.7/sysroots/x86_64-pokysdk-linux/usr/lib/arm-poky-linux-gnueabi/gcc/arm-poky-linux-gnueabi/4.9.1 -L/opt/poky/1.7/sysroots/cortexa9hf-vfp-neon-poky-linux-gnueabi/lib -L/opt/poky/1.7/sysroots/cortexa9hf-vfp-neon-poky-linux-gnueabi/usr/lib/arm-poky-linux-gnueabi/4.9.1 -L/opt/poky/1.7/sysroots/cortexa9hf-vfp-neon-poky-linux-gnueabi/usr/lib -O1 --hash-style=gnu --as-needed CMakeFiles/cmTC_2e52c.dir/CMakeCCompilerABI.c.o -lgcc --as-needed -lgcc_s --no-as-needed -lc -lgcc --as-needed -lgcc_s --no-as-needed /opt/poky/1.7/sysroots/cortexa9hf-vfp-neon-poky-linux-gnueabi/usr/lib/arm-poky-linux-gnueabi/4.9.1/crtend.o /opt/poky/1.7/sysroots/cortexa9hf-vfp-neon-poky-linux-gnueabi/usr/lib/crtn.o
make[1]: Leaving directory `/home/siasunhebo/ggm/siasun-fhjqr11.11/cmake-build-debug/CMakeFiles/CMakeTmp'


Parsed C implicit include dir info from above output: rv=done
  found start of include info
  found start of implicit include info
    add: [/opt/poky/1.7/sysroots/x86_64-pokysdk-linux/usr/lib/arm-poky-linux-gnueabi/gcc/arm-poky-linux-gnueabi/4.9.1/include]
    add: [/opt/poky/1.7/sysroots/x86_64-pokysdk-linux/usr/lib/arm-poky-linux-gnueabi/gcc/arm-poky-linux-gnueabi/4.9.1/include-fixed]
    add: [/opt/poky/1.7/sysroots/cortexa9hf-vfp-neon-poky-linux-gnueabi/usr/include]
  end of search list found
  collapse include dir [/opt/poky/1.7/sysroots/x86_64-pokysdk-linux/usr/lib/arm-poky-linux-gnueabi/gcc/arm-poky-linux-gnueabi/4.9.1/include] ==> [/opt/poky/1.7/sysroots/x86_64-pokysdk-linux/usr/lib/arm-poky-linux-gnueabi/gcc/arm-poky-linux-gnueabi/4.9.1/include]
  collapse include dir [/opt/poky/1.7/sysroots/x86_64-pokysdk-linux/usr/lib/arm-poky-linux-gnueabi/gcc/arm-poky-linux-gnueabi/4.9.1/include-fixed] ==> [/opt/poky/1.7/sysroots/x86_64-pokysdk-linux/usr/lib/arm-poky-linux-gnueabi/gcc/arm-poky-linux-gnueabi/4.9.1/include-fixed]
  collapse include dir [/opt/poky/1.7/sysroots/cortexa9hf-vfp-neon-poky-linux-gnueabi/usr/include] ==> [/opt/poky/1.7/sysroots/cortexa9hf-vfp-neon-poky-linux-gnueabi/usr/include]
  implicit include dirs: [/opt/poky/1.7/sysroots/x86_64-pokysdk-linux/usr/lib/arm-poky-linux-gnueabi/gcc/arm-poky-linux-gnueabi/4.9.1/include;/opt/poky/1.7/sysroots/x86_64-pokysdk-linux/usr/lib/arm-poky-linux-gnueabi/gcc/arm-poky-linux-gnueabi/4.9.1/include-fixed;/opt/poky/1.7/sysroots/cortexa9hf-vfp-neon-poky-linux-gnueabi/usr/include]


Parsed C implicit link information from above output:
  link line regex: [^( *|.*[/\])(ld|CMAKE_LINK_STARTFILE-NOTFOUND|([^/\]+-)?ld|collect2)[^/\]*( |$)]
  ignore line: [Change Dir: /home/siasunhebo/ggm/siasun-fhjqr11.11/cmake-build-debug/CMakeFiles/CMakeTmp]
  ignore line: []
  ignore line: [Run Build Command(s):/usr/bin/make cmTC_2e52c/fast ]
  ignore line: [/usr/bin/make -f CMakeFiles/cmTC_2e52c.dir/build.make CMakeFiles/cmTC_2e52c.dir/build]
  ignore line: [make[1]: Entering directory `/home/siasunhebo/ggm/siasun-fhjqr11.11/cmake-build-debug/CMakeFiles/CMakeTmp']
  ignore line: [Building C object CMakeFiles/cmTC_2e52c.dir/CMakeCCompilerABI.c.o]
  ignore line: [/opt/poky/1.7/sysroots/x86_64-pokysdk-linux/usr/bin/arm-poky-linux-gnueabi/arm-poky-linux-gnueabi-gcc   -march=armv7-a -mthumb-interwork -mfloat-abi=hard -mfpu=neon -mtune=cortex-a9 --sysroot=/opt/poky/1.7/sysroots/cortexa9hf-vfp-neon-poky-linux-gnueabi   -O2 -pipe -g -feliminate-unused-debug-types    -v -o CMakeFiles/cmTC_2e52c.dir/CMakeCCompilerABI.c.o   -c /home/siasunhebo/clion-2019.1.4/bin/cmake/linux/share/cmake-3.14/Modules/CMakeCCompilerABI.c]
  ignore line: [Using built-in specs.]
  ignore line: [COLLECT_GCC=/opt/poky/1.7/sysroots/x86_64-pokysdk-linux/usr/bin/arm-poky-linux-gnueabi/arm-poky-linux-gnueabi-gcc]
  ignore line: [Target: arm-poky-linux-gnueabi]
  ignore line: [Configured with: /home/yuanwenlin/imx6/imx6dl/imx6dlsabresd-fb/tmp/work-shared/gcc-4.9.1-r0/gcc-4.9.1/configure --build=x86_64-linux --host=x86_64-pokysdk-linux --target=arm-poky-linux-gnueabi --prefix=/opt/poky/1.7/sysroots/x86_64-pokysdk-linux/usr --exec_prefix=/opt/poky/1.7/sysroots/x86_64-pokysdk-linux/usr --bindir=/opt/poky/1.7/sysroots/x86_64-pokysdk-linux/usr/bin/arm-poky-linux-gnueabi --sbindir=/opt/poky/1.7/sysroots/x86_64-pokysdk-linux/usr/bin/arm-poky-linux-gnueabi --libexecdir=/opt/poky/1.7/sysroots/x86_64-pokysdk-linux/usr/libexec/arm-poky-linux-gnueabi --datadir=/opt/poky/1.7/sysroots/x86_64-pokysdk-linux/usr/share --sysconfdir=/opt/poky/1.7/sysroots/x86_64-pokysdk-linux/etc --sharedstatedir=/opt/poky/1.7/sysroots/x86_64-pokysdk-linux/com --localstatedir=/opt/poky/1.7/sysroots/x86_64-pokysdk-linux/var --libdir=/opt/poky/1.7/sysroots/x86_64-pokysdk-linux/usr/lib/arm-poky-linux-gnueabi --includedir=/opt/poky/1.7/sysroots/x86_64-pokysdk-linux/usr/include --oldincludedir=/opt/poky/1.7/sysroots/x86_64-pokysdk-linux/usr/include --infodir=/opt/poky/1.7/sysroots/x86_64-pokysdk-linux/usr/share/info --mandir=/opt/poky/1.7/sysroots/x86_64-pokysdk-linux/usr/share/man --disable-silent-rules --disable-dependency-tracking --with-libtool-sysroot=/home/yuanwenlin/imx6/imx6dl/imx6dlsabresd-fb/tmp/sysroots/x86_64-nativesdk-pokysdk-linux --with-gnu-ld --enable-shared --enable-languages=c,c++ --enable-threads=posix --enable-multilib --enable-c99 --enable-long-long --enable-symvers=gnu --enable-libstdcxx-pch --program-prefix=arm-poky-linux-gnueabi- --without-local-prefix --enable-target-optspace --enable-lto --enable-libssp --disable-bootstrap --disable-libmudflap --with-system-zlib --with-linker-hash-style=gnu --enable-linker-build-id --with-ppl=no --with-cloog=no --enable-checking=release --enable-cheaders=c_global --with-gxx-include-dir=/opt/poky/1.7/sysroots/cortexa9hf-vfp-neon-poky-linux-gnueabi/usr/include/c++/4.9.1 --with-build-time-tools=/home/yuanwenlin/imx6/imx6dl/imx6dlsabresd-fb/tmp/sysroots/x86_64-linux/usr/arm-poky-linux-gnueabi/bin --with-sysroot=/opt/poky/1.7/sysroots/cortexa9hf-vfp-neon-poky-linux-gnueabi --with-build-sysroot=/home/yuanwenlin/imx6/imx6dl/imx6dlsabresd-fb/tmp/sysroots/imx6dlsabresd --enable-poison-system-directories --with-mpfr=/home/yuanwenlin/imx6/imx6dl/imx6dlsabresd-fb/tmp/sysroots/x86_64-nativesdk-pokysdk-linux --with-mpc=/home/yuanwenlin/imx6/imx6dl/imx6dlsabresd-fb/tmp/sysroots/x86_64-nativesdk-pokysdk-linux --enable-nls --with-arch=armv7-a]
  ignore line: [Thread model: posix]
  ignore line: [gcc version 4.9.1 (GCC) ]
  ignore line: [COLLECT_GCC_OPTIONS='--sysroot=/opt/poky/1.7/sysroots/cortexa9hf-vfp-neon-poky-linux-gnueabi' '-march=armv7-a' '-mthumb-interwork' '-mfloat-abi=hard' '-mfpu=neon' '-mtune=cortex-a9' '-O2' '-pipe' '-g' '-feliminate-unused-debug-types' '-v' '-o' 'CMakeFiles/cmTC_2e52c.dir/CMakeCCompilerABI.c.o' '-c' '-mtls-dialect=gnu']
  ignore line: [ /opt/poky/1.7/sysroots/x86_64-pokysdk-linux/usr/libexec/arm-poky-linux-gnueabi/gcc/arm-poky-linux-gnueabi/4.9.1/cc1 -quiet -v -isysroot /opt/poky/1.7/sysroots/cortexa9hf-vfp-neon-poky-linux-gnueabi /home/siasunhebo/clion-2019.1.4/bin/cmake/linux/share/cmake-3.14/Modules/CMakeCCompilerABI.c -quiet -dumpbase CMakeCCompilerABI.c -march=armv7-a -mthumb-interwork -mfloat-abi=hard -mfpu=neon -mtune=cortex-a9 -mtls-dialect=gnu -auxbase-strip CMakeFiles/cmTC_2e52c.dir/CMakeCCompilerABI.c.o -g -O2 -version -feliminate-unused-debug-types -o - |]
  ignore line: [ /opt/poky/1.7/sysroots/x86_64-pokysdk-linux/usr/libexec/arm-poky-linux-gnueabi/gcc/arm-poky-linux-gnueabi/4.9.1/as -v -march=armv7-a -mthumb-interwork -mfloat-abi=hard -mfpu=neon -meabi=5 -o CMakeFiles/cmTC_2e52c.dir/CMakeCCompilerABI.c.o]
  ignore line: [GNU C (GCC) version 4.9.1 (arm-poky-linux-gnueabi)]
  ignore line: [	compiled by GNU C version 4.9.1, GMP version 6.0.0, MPFR version 3.1.2, MPC version 1.0.2]
  ignore line: [GGC heuristics: --param ggc-min-expand=100 --param ggc-min-heapsize=131072]
  ignore line: [GNU assembler version 2.24 (arm-poky-linux-gnueabi) using BFD version (GNU Binutils) 2.24]
  ignore line: [ignoring nonexistent directory "/opt/poky/1.7/sysroots/cortexa9hf-vfp-neon-poky-linux-gnueabi/usr/local/include"]
  ignore line: [ignoring nonexistent directory "/opt/poky/1.7/sysroots/x86_64-pokysdk-linux/usr/lib/arm-poky-linux-gnueabi/gcc/arm-poky-linux-gnueabi/4.9.1/../../../../../arm-poky-linux-gnueabi/include"]
  ignore line: [#include "..." search starts here:]
  ignore line: [#include <...> search starts here:]
  ignore line: [ /opt/poky/1.7/sysroots/x86_64-pokysdk-linux/usr/lib/arm-poky-linux-gnueabi/gcc/arm-poky-linux-gnueabi/4.9.1/include]
  ignore line: [ /opt/poky/1.7/sysroots/x86_64-pokysdk-linux/usr/lib/arm-poky-linux-gnueabi/gcc/arm-poky-linux-gnueabi/4.9.1/include-fixed]
  ignore line: [ /opt/poky/1.7/sysroots/cortexa9hf-vfp-neon-poky-linux-gnueabi/usr/include]
  ignore line: [End of search list.]
  ignore line: [GNU C (GCC) version 4.9.1 (arm-poky-linux-gnueabi)]
  ignore line: [	compiled by GNU C version 4.9.1, GMP version 6.0.0, MPFR version 3.1.2, MPC version 1.0.2]
  ignore line: [GGC heuristics: --param ggc-min-expand=100 --param ggc-min-heapsize=131072]
  ignore line: [Compiler executable checksum: c876247a437833c1a097809dd6fa3ca1]
  ignore line: [COMPILER_PATH=/opt/poky/1.7/sysroots/x86_64-pokysdk-linux/usr/libexec/arm-poky-linux-gnueabi/gcc/arm-poky-linux-gnueabi/4.9.1/:/opt/poky/1.7/sysroots/x86_64-pokysdk-linux/usr/libexec/arm-poky-linux-gnueabi/gcc/arm-poky-linux-gnueabi/4.9.1/:/opt/poky/1.7/sysroots/x86_64-pokysdk-linux/usr/libexec/arm-poky-linux-gnueabi/gcc/arm-poky-linux-gnueabi/:/opt/poky/1.7/sysroots/x86_64-pokysdk-linux/usr/lib/arm-poky-linux-gnueabi/gcc/arm-poky-linux-gnueabi/4.9.1/:/opt/poky/1.7/sysroots/x86_64-pokysdk-linux/usr/lib/arm-poky-linux-gnueabi/gcc/arm-poky-linux-gnueabi/]
  ignore line: [LIBRARY_PATH=/opt/poky/1.7/sysroots/x86_64-pokysdk-linux/usr/lib/arm-poky-linux-gnueabi/gcc/arm-poky-linux-gnueabi/4.9.1/:/opt/poky/1.7/sysroots/cortexa9hf-vfp-neon-poky-linux-gnueabi/lib/:/opt/poky/1.7/sysroots/cortexa9hf-vfp-neon-poky-linux-gnueabi/usr/lib/arm-poky-linux-gnueabi/4.9.1/:/opt/poky/1.7/sysroots/cortexa9hf-vfp-neon-poky-linux-gnueabi/usr/lib/]
  ignore line: [COLLECT_GCC_OPTIONS='--sysroot=/opt/poky/1.7/sysroots/cortexa9hf-vfp-neon-poky-linux-gnueabi' '-march=armv7-a' '-mthumb-interwork' '-mfloat-abi=hard' '-mfpu=neon' '-mtune=cortex-a9' '-O2' '-pipe' '-g' '-feliminate-unused-debug-types' '-v' '-o' 'CMakeFiles/cmTC_2e52c.dir/CMakeCCompilerABI.c.o' '-c' '-mtls-dialect=gnu']
  ignore line: [Linking C executable cmTC_2e52c]
  ignore line: [/home/siasunhebo/clion-2019.1.4/bin/cmake/linux/bin/cmake -E cmake_link_script CMakeFiles/cmTC_2e52c.dir/link.txt --verbose=1]
  ignore line: [/opt/poky/1.7/sysroots/x86_64-pokysdk-linux/usr/bin/arm-poky-linux-gnueabi/arm-poky-linux-gnueabi-gcc   -march=armv7-a -mthumb-interwork -mfloat-abi=hard -mfpu=neon -mtune=cortex-a9 --sysroot=/opt/poky/1.7/sysroots/cortexa9hf-vfp-neon-poky-linux-gnueabi -O2 -pipe -g -feliminate-unused-debug-types   -Wl,-O1 -Wl,--hash-style=gnu -Wl,--as-needed -v CMakeFiles/cmTC_2e52c.dir/CMakeCCompilerABI.c.o  -o cmTC_2e52c ]
  ignore line: [Using built-in specs.]
  ignore line: [COLLECT_GCC=/opt/poky/1.7/sysroots/x86_64-pokysdk-linux/usr/bin/arm-poky-linux-gnueabi/arm-poky-linux-gnueabi-gcc]
  ignore line: [COLLECT_LTO_WRAPPER=/opt/poky/1.7/sysroots/x86_64-pokysdk-linux/usr/libexec/arm-poky-linux-gnueabi/gcc/arm-poky-linux-gnueabi/4.9.1/lto-wrapper]
  ignore line: [Target: arm-poky-linux-gnueabi]
  ignore line: [Configured with: /home/yuanwenlin/imx6/imx6dl/imx6dlsabresd-fb/tmp/work-shared/gcc-4.9.1-r0/gcc-4.9.1/configure --build=x86_64-linux --host=x86_64-pokysdk-linux --target=arm-poky-linux-gnueabi --prefix=/opt/poky/1.7/sysroots/x86_64-pokysdk-linux/usr --exec_prefix=/opt/poky/1.7/sysroots/x86_64-pokysdk-linux/usr --bindir=/opt/poky/1.7/sysroots/x86_64-pokysdk-linux/usr/bin/arm-poky-linux-gnueabi --sbindir=/opt/poky/1.7/sysroots/x86_64-pokysdk-linux/usr/bin/arm-poky-linux-gnueabi --libexecdir=/opt/poky/1.7/sysroots/x86_64-pokysdk-linux/usr/libexec/arm-poky-linux-gnueabi --datadir=/opt/poky/1.7/sysroots/x86_64-pokysdk-linux/usr/share --sysconfdir=/opt/poky/1.7/sysroots/x86_64-pokysdk-linux/etc --sharedstatedir=/opt/poky/1.7/sysroots/x86_64-pokysdk-linux/com --localstatedir=/opt/poky/1.7/sysroots/x86_64-pokysdk-linux/var --libdir=/opt/poky/1.7/sysroots/x86_64-pokysdk-linux/usr/lib/arm-poky-linux-gnueabi --includedir=/opt/poky/1.7/sysroots/x86_64-pokysdk-linux/usr/include --oldincludedir=/opt/poky/1.7/sysroots/x86_64-pokysdk-linux/usr/include --infodir=/opt/poky/1.7/sysroots/x86_64-pokysdk-linux/usr/share/info --mandir=/opt/poky/1.7/sysroots/x86_64-pokysdk-linux/usr/share/man --disable-silent-rules --disable-dependency-tracking --with-libtool-sysroot=/home/yuanwenlin/imx6/imx6dl/imx6dlsabresd-fb/tmp/sysroots/x86_64-nativesdk-pokysdk-linux --with-gnu-ld --enable-shared --enable-languages=c,c++ --enable-threads=posix --enable-multilib --enable-c99 --enable-long-long --enable-symvers=gnu --enable-libstdcxx-pch --program-prefix=arm-poky-linux-gnueabi- --without-local-prefix --enable-target-optspace --enable-lto --enable-libssp --disable-bootstrap --disable-libmudflap --with-system-zlib --with-linker-hash-style=gnu --enable-linker-build-id --with-ppl=no --with-cloog=no --enable-checking=release --enable-cheaders=c_global --with-gxx-include-dir=/opt/poky/1.7/sysroots/cortexa9hf-vfp-neon-poky-linux-gnueabi/usr/include/c++/4.9.1 --with-build-time-tools=/home/yuanwenlin/imx6/imx6dl/imx6dlsabresd-fb/tmp/sysroots/x86_64-linux/usr/arm-poky-linux-gnueabi/bin --with-sysroot=/opt/poky/1.7/sysroots/cortexa9hf-vfp-neon-poky-linux-gnueabi --with-build-sysroot=/home/yuanwenlin/imx6/imx6dl/imx6dlsabresd-fb/tmp/sysroots/imx6dlsabresd --enable-poison-system-directories --with-mpfr=/home/yuanwenlin/imx6/imx6dl/imx6dlsabresd-fb/tmp/sysroots/x86_64-nativesdk-pokysdk-linux --with-mpc=/home/yuanwenlin/imx6/imx6dl/imx6dlsabresd-fb/tmp/sysroots/x86_64-nativesdk-pokysdk-linux --enable-nls --with-arch=armv7-a]
  ignore line: [Thread model: posix]
  ignore line: [gcc version 4.9.1 (GCC) ]
  ignore line: [COMPILER_PATH=/opt/poky/1.7/sysroots/x86_64-pokysdk-linux/usr/libexec/arm-poky-linux-gnueabi/gcc/arm-poky-linux-gnueabi/4.9.1/:/opt/poky/1.7/sysroots/x86_64-pokysdk-linux/usr/libexec/arm-poky-linux-gnueabi/gcc/arm-poky-linux-gnueabi/4.9.1/:/opt/poky/1.7/sysroots/x86_64-pokysdk-linux/usr/libexec/arm-poky-linux-gnueabi/gcc/arm-poky-linux-gnueabi/:/opt/poky/1.7/sysroots/x86_64-pokysdk-linux/usr/lib/arm-poky-linux-gnueabi/gcc/arm-poky-linux-gnueabi/4.9.1/:/opt/poky/1.7/sysroots/x86_64-pokysdk-linux/usr/lib/arm-poky-linux-gnueabi/gcc/arm-poky-linux-gnueabi/]
  ignore line: [LIBRARY_PATH=/opt/poky/1.7/sysroots/x86_64-pokysdk-linux/usr/lib/arm-poky-linux-gnueabi/gcc/arm-poky-linux-gnueabi/4.9.1/:/opt/poky/1.7/sysroots/cortexa9hf-vfp-neon-poky-linux-gnueabi/lib/:/opt/poky/1.7/sysroots/cortexa9hf-vfp-neon-poky-linux-gnueabi/usr/lib/arm-poky-linux-gnueabi/4.9.1/:/opt/poky/1.7/sysroots/cortexa9hf-vfp-neon-poky-linux-gnueabi/usr/lib/]
  ignore line: [COLLECT_GCC_OPTIONS='--sysroot=/opt/poky/1.7/sysroots/cortexa9hf-vfp-neon-poky-linux-gnueabi' '-march=armv7-a' '-mthumb-interwork' '-mfloat-abi=hard' '-mfpu=neon' '-mtune=cortex-a9' '-O2' '-pipe' '-g' '-feliminate-unused-debug-types' '-v' '-o' 'cmTC_2e52c' '-mtls-dialect=gnu']
  link line: [ /opt/poky/1.7/sysroots/x86_64-pokysdk-linux/usr/libexec/arm-poky-linux-gnueabi/gcc/arm-poky-linux-gnueabi/4.9.1/collect2 -plugin /opt/poky/1.7/sysroots/x86_64-pokysdk-linux/usr/libexec/arm-poky-linux-gnueabi/gcc/arm-poky-linux-gnueabi/4.9.1/liblto_plugin.so -plugin-opt=/opt/poky/1.7/sysroots/x86_64-pokysdk-linux/usr/libexec/arm-poky-linux-gnueabi/gcc/arm-poky-linux-gnueabi/4.9.1/lto-wrapper -plugin-opt=-fresolution=/tmp/ccDpgohF.res -plugin-opt=-pass-through=-lgcc -plugin-opt=-pass-through=-lgcc_s -plugin-opt=-pass-through=-lc -plugin-opt=-pass-through=-lgcc -plugin-opt=-pass-through=-lgcc_s --sysroot=/opt/poky/1.7/sysroots/cortexa9hf-vfp-neon-poky-linux-gnueabi --build-id --eh-frame-hdr --hash-style=gnu -dynamic-linker /lib/ld-linux-armhf.so.3 -X -m armelf_linux_eabi -o cmTC_2e52c /opt/poky/1.7/sysroots/cortexa9hf-vfp-neon-poky-linux-gnueabi/usr/lib/crt1.o /opt/poky/1.7/sysroots/cortexa9hf-vfp-neon-poky-linux-gnueabi/usr/lib/crti.o /opt/poky/1.7/sysroots/cortexa9hf-vfp-neon-poky-linux-gnueabi/usr/lib/arm-poky-linux-gnueabi/4.9.1/crtbegin.o -L/opt/poky/1.7/sysroots/x86_64-pokysdk-linux/usr/lib/arm-poky-linux-gnueabi/gcc/arm-poky-linux-gnueabi/4.9.1 -L/opt/poky/1.7/sysroots/cortexa9hf-vfp-neon-poky-linux-gnueabi/lib -L/opt/poky/1.7/sysroots/cortexa9hf-vfp-neon-poky-linux-gnueabi/usr/lib/arm-poky-linux-gnueabi/4.9.1 -L/opt/poky/1.7/sysroots/cortexa9hf-vfp-neon-poky-linux-gnueabi/usr/lib -O1 --hash-style=gnu --as-needed CMakeFiles/cmTC_2e52c.dir/CMakeCCompilerABI.c.o -lgcc --as-needed -lgcc_s --no-as-needed -lc -lgcc --as-needed -lgcc_s --no-as-needed /opt/poky/1.7/sysroots/cortexa9hf-vfp-neon-poky-linux-gnueabi/usr/lib/arm-poky-linux-gnueabi/4.9.1/crtend.o /opt/poky/1.7/sysroots/cortexa9hf-vfp-neon-poky-linux-gnueabi/usr/lib/crtn.o]
    arg [/opt/poky/1.7/sysroots/x86_64-pokysdk-linux/usr/libexec/arm-poky-linux-gnueabi/gcc/arm-poky-linux-gnueabi/4.9.1/collect2] ==> ignore
    arg [-plugin] ==> ignore
    arg [/opt/poky/1.7/sysroots/x86_64-pokysdk-linux/usr/libexec/arm-poky-linux-gnueabi/gcc/arm-poky-linux-gnueabi/4.9.1/liblto_plugin.so] ==> ignore
    arg [-plugin-opt=/opt/poky/1.7/sysroots/x86_64-pokysdk-linux/usr/libexec/arm-poky-linux-gnueabi/gcc/arm-poky-linux-gnueabi/4.9.1/lto-wrapper] ==> ignore
    arg [-plugin-opt=-fresolution=/tmp/ccDpgohF.res] ==> ignore
    arg [-plugin-opt=-pass-through=-lgcc] ==> ignore
    arg [-plugin-opt=-pass-through=-lgcc_s] ==> ignore
    arg [-plugin-opt=-pass-through=-lc] ==> ignore
    arg [-plugin-opt=-pass-through=-lgcc] ==> ignore
    arg [-plugin-opt=-pass-through=-lgcc_s] ==> ignore
    arg [--sysroot=/opt/poky/1.7/sysroots/cortexa9hf-vfp-neon-poky-linux-gnueabi] ==> ignore
    arg [--build-id] ==> ignore
    arg [--eh-frame-hdr] ==> ignore
    arg [--hash-style=gnu] ==> ignore
    arg [-dynamic-linker] ==> ignore
    arg [/lib/ld-linux-armhf.so.3] ==> ignore
    arg [-X] ==> ignore
    arg [-m] ==> ignore
    arg [armelf_linux_eabi] ==> ignore
    arg [-o] ==> ignore
    arg [cmTC_2e52c] ==> ignore
    arg [/opt/poky/1.7/sysroots/cortexa9hf-vfp-neon-poky-linux-gnueabi/usr/lib/crt1.o] ==> ignore
    arg [/opt/poky/1.7/sysroots/cortexa9hf-vfp-neon-poky-linux-gnueabi/usr/lib/crti.o] ==> ignore
    arg [/opt/poky/1.7/sysroots/cortexa9hf-vfp-neon-poky-linux-gnueabi/usr/lib/arm-poky-linux-gnueabi/4.9.1/crtbegin.o] ==> ignore
    arg [-L/opt/poky/1.7/sysroots/x86_64-pokysdk-linux/usr/lib/arm-poky-linux-gnueabi/gcc/arm-poky-linux-gnueabi/4.9.1] ==> dir [/opt/poky/1.7/sysroots/x86_64-pokysdk-linux/usr/lib/arm-poky-linux-gnueabi/gcc/arm-poky-linux-gnueabi/4.9.1]
    arg [-L/opt/poky/1.7/sysroots/cortexa9hf-vfp-neon-poky-linux-gnueabi/lib] ==> dir [/opt/poky/1.7/sysroots/cortexa9hf-vfp-neon-poky-linux-gnueabi/lib]
    arg [-L/opt/poky/1.7/sysroots/cortexa9hf-vfp-neon-poky-linux-gnueabi/usr/lib/arm-poky-linux-gnueabi/4.9.1] ==> dir [/opt/poky/1.7/sysroots/cortexa9hf-vfp-neon-poky-linux-gnueabi/usr/lib/arm-poky-linux-gnueabi/4.9.1]
    arg [-L/opt/poky/1.7/sysroots/cortexa9hf-vfp-neon-poky-linux-gnueabi/usr/lib] ==> dir [/opt/poky/1.7/sysroots/cortexa9hf-vfp-neon-poky-linux-gnueabi/usr/lib]
    arg [-O1] ==> ignore
    arg [--hash-style=gnu] ==> ignore
    arg [--as-needed] ==> ignore
    arg [CMakeFiles/cmTC_2e52c.dir/CMakeCCompilerABI.c.o] ==> ignore
    arg [-lgcc] ==> lib [gcc]
    arg [--as-needed] ==> ignore
    arg [-lgcc_s] ==> lib [gcc_s]
    arg [--no-as-needed] ==> ignore
    arg [-lc] ==> lib [c]
    arg [-lgcc] ==> lib [gcc]
    arg [--as-needed] ==> ignore
    arg [-lgcc_s] ==> lib [gcc_s]
    arg [--no-as-needed] ==> ignore
    arg [/opt/poky/1.7/sysroots/cortexa9hf-vfp-neon-poky-linux-gnueabi/usr/lib/arm-poky-linux-gnueabi/4.9.1/crtend.o] ==> ignore
    arg [/opt/poky/1.7/sysroots/cortexa9hf-vfp-neon-poky-linux-gnueabi/usr/lib/crtn.o] ==> ignore
  collapse library dir [/opt/poky/1.7/sysroots/x86_64-pokysdk-linux/usr/lib/arm-poky-linux-gnueabi/gcc/arm-poky-linux-gnueabi/4.9.1] ==> [/opt/poky/1.7/sysroots/x86_64-pokysdk-linux/usr/lib/arm-poky-linux-gnueabi/gcc/arm-poky-linux-gnueabi/4.9.1]
  collapse library dir [/opt/poky/1.7/sysroots/cortexa9hf-vfp-neon-poky-linux-gnueabi/lib] ==> [/opt/poky/1.7/sysroots/cortexa9hf-vfp-neon-poky-linux-gnueabi/lib]
  collapse library dir [/opt/poky/1.7/sysroots/cortexa9hf-vfp-neon-poky-linux-gnueabi/usr/lib/arm-poky-linux-gnueabi/4.9.1] ==> [/opt/poky/1.7/sysroots/cortexa9hf-vfp-neon-poky-linux-gnueabi/usr/lib/arm-poky-linux-gnueabi/4.9.1]
  collapse library dir [/opt/poky/1.7/sysroots/cortexa9hf-vfp-neon-poky-linux-gnueabi/usr/lib] ==> [/opt/poky/1.7/sysroots/cortexa9hf-vfp-neon-poky-linux-gnueabi/usr/lib]
  implicit libs: [gcc;gcc_s;c;gcc;gcc_s]
  implicit dirs: [/opt/poky/1.7/sysroots/x86_64-pokysdk-linux/usr/lib/arm-poky-linux-gnueabi/gcc/arm-poky-linux-gnueabi/4.9.1;/opt/poky/1.7/sysroots/cortexa9hf-vfp-neon-poky-linux-gnueabi/lib;/opt/poky/1.7/sysroots/cortexa9hf-vfp-neon-poky-linux-gnueabi/usr/lib/arm-poky-linux-gnueabi/4.9.1;/opt/poky/1.7/sysroots/cortexa9hf-vfp-neon-poky-linux-gnueabi/usr/lib]
  implicit fwks: []




Detecting C [-std=c11] compiler features compiled with the following output:
Change Dir: /home/siasunhebo/ggm/siasun-fhjqr11.11/cmake-build-debug/CMakeFiles/CMakeTmp

Run Build Command(s):/usr/bin/make cmTC_b6dc6/fast 
/usr/bin/make -f CMakeFiles/cmTC_b6dc6.dir/build.make CMakeFiles/cmTC_b6dc6.dir/build
make[1]: 正在进入目录 `/home/siasunhebo/ggm/siasun-fhjqr11.11/cmake-build-debug/CMakeFiles/CMakeTmp'
Building C object CMakeFiles/cmTC_b6dc6.dir/feature_tests.c.o
/opt/poky/1.7/sysroots/x86_64-pokysdk-linux/usr/bin/arm-poky-linux-gnueabi/arm-poky-linux-gnueabi-gcc   -march=armv7-a -mthumb-interwork -mfloat-abi=hard -mfpu=neon -mtune=cortex-a9 --sysroot=/opt/poky/1.7/sysroots/cortexa9hf-vfp-neon-poky-linux-gnueabi   -O2 -pipe -g -feliminate-unused-debug-types    -std=c11 -o CMakeFiles/cmTC_b6dc6.dir/feature_tests.c.o   -c /home/siasunhebo/ggm/siasun-fhjqr11.11/cmake-build-debug/CMakeFiles/feature_tests.c
Linking C executable cmTC_b6dc6
/home/siasunhebo/clion-2019.1.4/bin/cmake/linux/bin/cmake -E cmake_link_script CMakeFiles/cmTC_b6dc6.dir/link.txt --verbose=1
/opt/poky/1.7/sysroots/x86_64-pokysdk-linux/usr/bin/arm-poky-linux-gnueabi/arm-poky-linux-gnueabi-gcc   -march=armv7-a -mthumb-interwork -mfloat-abi=hard -mfpu=neon -mtune=cortex-a9 --sysroot=/opt/poky/1.7/sysroots/cortexa9hf-vfp-neon-poky-linux-gnueabi -O2 -pipe -g -feliminate-unused-debug-types   -Wl,-O1 -Wl,--hash-style=gnu -Wl,--as-needed  CMakeFiles/cmTC_b6dc6.dir/feature_tests.c.o  -o cmTC_b6dc6 
make[1]:正在离开目录 `/home/siasunhebo/ggm/siasun-fhjqr11.11/cmake-build-debug/CMakeFiles/CMakeTmp'


    Feature record: C_FEATURE:1c_function_prototypes
    Feature record: C_FEATURE:1c_restrict
    Feature record: C_FEATURE:1c_static_assert
    Feature record: C_FEATURE:1c_variadic_macros


Detecting C [-std=c99] compiler features compiled with the following output:
Change Dir: /home/siasunhebo/ggm/siasun-fhjqr11.11/cmake-build-debug/CMakeFiles/CMakeTmp

Run Build Command(s):/usr/bin/make cmTC_23775/fast 
/usr/bin/make -f CMakeFiles/cmTC_23775.dir/build.make CMakeFiles/cmTC_23775.dir/build
make[1]: 正在进入目录 `/home/siasunhebo/ggm/siasun-fhjqr11.11/cmake-build-debug/CMakeFiles/CMakeTmp'
Building C object CMakeFiles/cmTC_23775.dir/feature_tests.c.o
/opt/poky/1.7/sysroots/x86_64-pokysdk-linux/usr/bin/arm-poky-linux-gnueabi/arm-poky-linux-gnueabi-gcc   -march=armv7-a -mthumb-interwork -mfloat-abi=hard -mfpu=neon -mtune=cortex-a9 --sysroot=/opt/poky/1.7/sysroots/cortexa9hf-vfp-neon-poky-linux-gnueabi   -O2 -pipe -g -feliminate-unused-debug-types    -std=c99 -o CMakeFiles/cmTC_23775.dir/feature_tests.c.o   -c /home/siasunhebo/ggm/siasun-fhjqr11.11/cmake-build-debug/CMakeFiles/feature_tests.c
Linking C executable cmTC_23775
/home/siasunhebo/clion-2019.1.4/bin/cmake/linux/bin/cmake -E cmake_link_script CMakeFiles/cmTC_23775.dir/link.txt --verbose=1
/opt/poky/1.7/sysroots/x86_64-pokysdk-linux/usr/bin/arm-poky-linux-gnueabi/arm-poky-linux-gnueabi-gcc   -march=armv7-a -mthumb-interwork -mfloat-abi=hard -mfpu=neon -mtune=cortex-a9 --sysroot=/opt/poky/1.7/sysroots/cortexa9hf-vfp-neon-poky-linux-gnueabi -O2 -pipe -g -feliminate-unused-debug-types   -Wl,-O1 -Wl,--hash-style=gnu -Wl,--as-needed  CMakeFiles/cmTC_23775.dir/feature_tests.c.o  -o cmTC_23775 
make[1]:正在离开目录 `/home/siasunhebo/ggm/siasun-fhjqr11.11/cmake-build-debug/CMakeFiles/CMakeTmp'


    Feature record: C_FEATURE:1c_function_prototypes
    Feature record: C_FEATURE:1c_restrict
    Feature record: C_FEATURE:0c_static_assert
    Feature record: C_FEATURE:1c_variadic_macros


Detecting C [-std=c90] compiler features compiled with the following output:
Change Dir: /home/siasunhebo/ggm/siasun-fhjqr11.11/cmake-build-debug/CMakeFiles/CMakeTmp

Run Build Command(s):/usr/bin/make cmTC_57bad/fast 
/usr/bin/make -f CMakeFiles/cmTC_57bad.dir/build.make CMakeFiles/cmTC_57bad.dir/build
make[1]: 正在进入目录 `/home/siasunhebo/ggm/siasun-fhjqr11.11/cmake-build-debug/CMakeFiles/CMakeTmp'
Building C object CMakeFiles/cmTC_57bad.dir/feature_tests.c.o
/opt/poky/1.7/sysroots/x86_64-pokysdk-linux/usr/bin/arm-poky-linux-gnueabi/arm-poky-linux-gnueabi-gcc   -march=armv7-a -mthumb-interwork -mfloat-abi=hard -mfpu=neon -mtune=cortex-a9 --sysroot=/opt/poky/1.7/sysroots/cortexa9hf-vfp-neon-poky-linux-gnueabi   -O2 -pipe -g -feliminate-unused-debug-types    -std=c90 -o CMakeFiles/cmTC_57bad.dir/feature_tests.c.o   -c /home/siasunhebo/ggm/siasun-fhjqr11.11/cmake-build-debug/CMakeFiles/feature_tests.c
Linking C executable cmTC_57bad
/home/siasunhebo/clion-2019.1.4/bin/cmake/linux/bin/cmake -E cmake_link_script CMakeFiles/cmTC_57bad.dir/link.txt --verbose=1
/opt/poky/1.7/sysroots/x86_64-pokysdk-linux/usr/bin/arm-poky-linux-gnueabi/arm-poky-linux-gnueabi-gcc   -march=armv7-a -mthumb-interwork -mfloat-abi=hard -mfpu=neon -mtune=cortex-a9 --sysroot=/opt/poky/1.7/sysroots/cortexa9hf-vfp-neon-poky-linux-gnueabi -O2 -pipe -g -feliminate-unused-debug-types   -Wl,-O1 -Wl,--hash-style=gnu -Wl,--as-needed  CMakeFiles/cmTC_57bad.dir/feature_tests.c.o  -o cmTC_57bad 
make[1]:正在离开目录 `/home/siasunhebo/ggm/siasun-fhjqr11.11/cmake-build-debug/CMakeFiles/CMakeTmp'


    Feature record: C_FEATURE:1c_function_prototypes
    Feature record: C_FEATURE:0c_restrict
    Feature record: C_FEATURE:0c_static_assert
    Feature record: C_FEATURE:0c_variadic_macros
Determining if the CXX compiler works passed with the following output:
Change Dir: /home/siasunhebo/ggm/siasun-fhjqr11.11/cmake-build-debug/CMakeFiles/CMakeTmp

Run Build Command(s):/usr/bin/make cmTC_5a1e5/fast 
/usr/bin/make -f CMakeFiles/cmTC_5a1e5.dir/build.make CMakeFiles/cmTC_5a1e5.dir/build
make[1]: 正在进入目录 `/home/siasunhebo/ggm/siasun-fhjqr11.11/cmake-build-debug/CMakeFiles/CMakeTmp'
Building CXX object CMakeFiles/cmTC_5a1e5.dir/testCXXCompiler.cxx.o
/opt/poky/1.7/sysroots/x86_64-pokysdk-linux/usr/bin/arm-poky-linux-gnueabi/arm-poky-linux-gnueabi-g++   -march=armv7-a -mthumb-interwork -mfloat-abi=hard -mfpu=neon -mtune=cortex-a9 --sysroot=/opt/poky/1.7/sysroots/cortexa9hf-vfp-neon-poky-linux-gnueabi    -O2 -pipe -g -feliminate-unused-debug-types    -o CMakeFiles/cmTC_5a1e5.dir/testCXXCompiler.cxx.o -c /home/siasunhebo/ggm/siasun-fhjqr11.11/cmake-build-debug/CMakeFiles/CMakeTmp/testCXXCompiler.cxx
Linking CXX executable cmTC_5a1e5
/home/siasunhebo/clion-2019.1.4/bin/cmake/linux/bin/cmake -E cmake_link_script CMakeFiles/cmTC_5a1e5.dir/link.txt --verbose=1
/opt/poky/1.7/sysroots/x86_64-pokysdk-linux/usr/bin/arm-poky-linux-gnueabi/arm-poky-linux-gnueabi-g++   -march=armv7-a -mthumb-interwork -mfloat-abi=hard -mfpu=neon -mtune=cortex-a9 --sysroot=/opt/poky/1.7/sysroots/cortexa9hf-vfp-neon-poky-linux-gnueabi  -O2 -pipe -g -feliminate-unused-debug-types   -Wl,-O1 -Wl,--hash-style=gnu -Wl,--as-needed  CMakeFiles/cmTC_5a1e5.dir/testCXXCompiler.cxx.o  -o cmTC_5a1e5 
make[1]:正在离开目录 `/home/siasunhebo/ggm/siasun-fhjqr11.11/cmake-build-debug/CMakeFiles/CMakeTmp'


Detecting CXX compiler ABI info compiled with the following output:
Change Dir: /home/siasunhebo/ggm/siasun-fhjqr11.11/cmake-build-debug/CMakeFiles/CMakeTmp

Run Build Command(s):/usr/bin/make cmTC_80548/fast 
/usr/bin/make -f CMakeFiles/cmTC_80548.dir/build.make CMakeFiles/cmTC_80548.dir/build
make[1]: Entering directory `/home/siasunhebo/ggm/siasun-fhjqr11.11/cmake-build-debug/CMakeFiles/CMakeTmp'
Building CXX object CMakeFiles/cmTC_80548.dir/CMakeCXXCompilerABI.cpp.o
/opt/poky/1.7/sysroots/x86_64-pokysdk-linux/usr/bin/arm-poky-linux-gnueabi/arm-poky-linux-gnueabi-g++   -march=armv7-a -mthumb-interwork -mfloat-abi=hard -mfpu=neon -mtune=cortex-a9 --sysroot=/opt/poky/1.7/sysroots/cortexa9hf-vfp-neon-poky-linux-gnueabi    -O2 -pipe -g -feliminate-unused-debug-types    -v -o CMakeFiles/cmTC_80548.dir/CMakeCXXCompilerABI.cpp.o -c /home/siasunhebo/clion-2019.1.4/bin/cmake/linux/share/cmake-3.14/Modules/CMakeCXXCompilerABI.cpp
Using built-in specs.
COLLECT_GCC=/opt/poky/1.7/sysroots/x86_64-pokysdk-linux/usr/bin/arm-poky-linux-gnueabi/arm-poky-linux-gnueabi-g++
Target: arm-poky-linux-gnueabi
Configured with: /home/yuanwenlin/imx6/imx6dl/imx6dlsabresd-fb/tmp/work-shared/gcc-4.9.1-r0/gcc-4.9.1/configure --build=x86_64-linux --host=x86_64-pokysdk-linux --target=arm-poky-linux-gnueabi --prefix=/opt/poky/1.7/sysroots/x86_64-pokysdk-linux/usr --exec_prefix=/opt/poky/1.7/sysroots/x86_64-pokysdk-linux/usr --bindir=/opt/poky/1.7/sysroots/x86_64-pokysdk-linux/usr/bin/arm-poky-linux-gnueabi --sbindir=/opt/poky/1.7/sysroots/x86_64-pokysdk-linux/usr/bin/arm-poky-linux-gnueabi --libexecdir=/opt/poky/1.7/sysroots/x86_64-pokysdk-linux/usr/libexec/arm-poky-linux-gnueabi --datadir=/opt/poky/1.7/sysroots/x86_64-pokysdk-linux/usr/share --sysconfdir=/opt/poky/1.7/sysroots/x86_64-pokysdk-linux/etc --sharedstatedir=/opt/poky/1.7/sysroots/x86_64-pokysdk-linux/com --localstatedir=/opt/poky/1.7/sysroots/x86_64-pokysdk-linux/var --libdir=/opt/poky/1.7/sysroots/x86_64-pokysdk-linux/usr/lib/arm-poky-linux-gnueabi --includedir=/opt/poky/1.7/sysroots/x86_64-pokysdk-linux/usr/include --oldincludedir=/opt/poky/1.7/sysroots/x86_64-pokysdk-linux/usr/include --infodir=/opt/poky/1.7/sysroots/x86_64-pokysdk-linux/usr/share/info --mandir=/opt/poky/1.7/sysroots/x86_64-pokysdk-linux/usr/share/man --disable-silent-rules --disable-dependency-tracking --with-libtool-sysroot=/home/yuanwenlin/imx6/imx6dl/imx6dlsabresd-fb/tmp/sysroots/x86_64-nativesdk-pokysdk-linux --with-gnu-ld --enable-shared --enable-languages=c,c++ --enable-threads=posix --enable-multilib --enable-c99 --enable-long-long --enable-symvers=gnu --enable-libstdcxx-pch --program-prefix=arm-poky-linux-gnueabi- --without-local-prefix --enable-target-optspace --enable-lto --enable-libssp --disable-bootstrap --disable-libmudflap --with-system-zlib --with-linker-hash-style=gnu --enable-linker-build-id --with-ppl=no --with-cloog=no --enable-checking=release --enable-cheaders=c_global --with-gxx-include-dir=/opt/poky/1.7/sysroots/cortexa9hf-vfp-neon-poky-linux-gnueabi/usr/include/c++/4.9.1 --with-build-time-tools=/home/yuanwenlin/imx6/imx6dl/imx6dlsabresd-fb/tmp/sysroots/x86_64-linux/usr/arm-poky-linux-gnueabi/bin --with-sysroot=/opt/poky/1.7/sysroots/cortexa9hf-vfp-neon-poky-linux-gnueabi --with-build-sysroot=/home/yuanwenlin/imx6/imx6dl/imx6dlsabresd-fb/tmp/sysroots/imx6dlsabresd --enable-poison-system-directories --with-mpfr=/home/yuanwenlin/imx6/imx6dl/imx6dlsabresd-fb/tmp/sysroots/x86_64-nativesdk-pokysdk-linux --with-mpc=/home/yuanwenlin/imx6/imx6dl/imx6dlsabresd-fb/tmp/sysroots/x86_64-nativesdk-pokysdk-linux --enable-nls --with-arch=armv7-a
Thread model: posix
gcc version 4.9.1 (GCC) 
COLLECT_GCC_OPTIONS='--sysroot=/opt/poky/1.7/sysroots/cortexa9hf-vfp-neon-poky-linux-gnueabi' '-march=armv7-a' '-mthumb-interwork' '-mfloat-abi=hard' '-mfpu=neon' '-mtune=cortex-a9' '-O2' '-pipe' '-g' '-feliminate-unused-debug-types' '-v' '-o' 'CMakeFiles/cmTC_80548.dir/CMakeCXXCompilerABI.cpp.o' '-c' '-shared-libgcc' '-mtls-dialect=gnu'
 /opt/poky/1.7/sysroots/x86_64-pokysdk-linux/usr/libexec/arm-poky-linux-gnueabi/gcc/arm-poky-linux-gnueabi/4.9.1/cc1plus -quiet -v -isysroot /opt/poky/1.7/sysroots/cortexa9hf-vfp-neon-poky-linux-gnueabi -D_GNU_SOURCE /home/siasunhebo/clion-2019.1.4/bin/cmake/linux/share/cmake-3.14/Modules/CMakeCXXCompilerABI.cpp -quiet -dumpbase CMakeCXXCompilerABI.cpp -march=armv7-a -mthumb-interwork -mfloat-abi=hard -mfpu=neon -mtune=cortex-a9 -mtls-dialect=gnu -auxbase-strip CMakeFiles/cmTC_80548.dir/CMakeCXXCompilerABI.cpp.o -g -O2 -version -feliminate-unused-debug-types -o - |
 /opt/poky/1.7/sysroots/x86_64-pokysdk-linux/usr/libexec/arm-poky-linux-gnueabi/gcc/arm-poky-linux-gnueabi/4.9.1/as -v -march=armv7-a -mthumb-interwork -mfloat-abi=hard -mfpu=neon -meabi=5 -o CMakeFiles/cmTC_80548.dir/CMakeCXXCompilerABI.cpp.o
GNU C++ (GCC) version 4.9.1 (arm-poky-linux-gnueabi)
	compiled by GNU C version 4.9.1, GMP version 6.0.0, MPFR version 3.1.2, MPC version 1.0.2
GGC heuristics: --param ggc-min-expand=100 --param ggc-min-heapsize=131072
ignoring nonexistent directory "/opt/poky/1.7/sysroots/cortexa9hf-vfp-neon-poky-linux-gnueabi/usr/local/include"
ignoring nonexistent directory "/opt/poky/1.7/sysroots/x86_64-pokysdk-linux/usr/lib/arm-poky-linux-gnueabi/gcc/arm-poky-linux-gnueabi/4.9.1/../../../../../arm-poky-linux-gnueabi/include"
#include "..." search starts here:
#include <...> search starts here:
 /opt/poky/1.7/sysroots/cortexa9hf-vfp-neon-poky-linux-gnueabi/usr/include/c++/4.9.1
 /opt/poky/1.7/sysroots/cortexa9hf-vfp-neon-poky-linux-gnueabi/usr/include/c++/4.9.1/arm-poky-linux-gnueabi
 /opt/poky/1.7/sysroots/cortexa9hf-vfp-neon-poky-linux-gnueabi/usr/include/c++/4.9.1/backward
 /opt/poky/1.7/sysroots/x86_64-pokysdk-linux/usr/lib/arm-poky-linux-gnueabi/gcc/arm-poky-linux-gnueabi/4.9.1/include
 /opt/poky/1.7/sysroots/x86_64-pokysdk-linux/usr/lib/arm-poky-linux-gnueabi/gcc/arm-poky-linux-gnueabi/4.9.1/include-fixed
 /opt/poky/1.7/sysroots/cortexa9hf-vfp-neon-poky-linux-gnueabi/usr/include
End of search list.
GNU assembler version 2.24 (arm-poky-linux-gnueabi) using BFD version (GNU Binutils) 2.24
GNU C++ (GCC) version 4.9.1 (arm-poky-linux-gnueabi)
	compiled by GNU C version 4.9.1, GMP version 6.0.0, MPFR version 3.1.2, MPC version 1.0.2
GGC heuristics: --param ggc-min-expand=100 --param ggc-min-heapsize=131072
Compiler executable checksum: db9e98d736de1f5aa725240e2897d298
COMPILER_PATH=/opt/poky/1.7/sysroots/x86_64-pokysdk-linux/usr/libexec/arm-poky-linux-gnueabi/gcc/arm-poky-linux-gnueabi/4.9.1/:/opt/poky/1.7/sysroots/x86_64-pokysdk-linux/usr/libexec/arm-poky-linux-gnueabi/gcc/arm-poky-linux-gnueabi/4.9.1/:/opt/poky/1.7/sysroots/x86_64-pokysdk-linux/usr/libexec/arm-poky-linux-gnueabi/gcc/arm-poky-linux-gnueabi/:/opt/poky/1.7/sysroots/x86_64-pokysdk-linux/usr/lib/arm-poky-linux-gnueabi/gcc/arm-poky-linux-gnueabi/4.9.1/:/opt/poky/1.7/sysroots/x86_64-pokysdk-linux/usr/lib/arm-poky-linux-gnueabi/gcc/arm-poky-linux-gnueabi/
LIBRARY_PATH=/opt/poky/1.7/sysroots/x86_64-pokysdk-linux/usr/lib/arm-poky-linux-gnueabi/gcc/arm-poky-linux-gnueabi/4.9.1/:/opt/poky/1.7/sysroots/cortexa9hf-vfp-neon-poky-linux-gnueabi/lib/:/opt/poky/1.7/sysroots/cortexa9hf-vfp-neon-poky-linux-gnueabi/usr/lib/arm-poky-linux-gnueabi/4.9.1/:/opt/poky/1.7/sysroots/cortexa9hf-vfp-neon-poky-linux-gnueabi/usr/lib/
COLLECT_GCC_OPTIONS='--sysroot=/opt/poky/1.7/sysroots/cortexa9hf-vfp-neon-poky-linux-gnueabi' '-march=armv7-a' '-mthumb-interwork' '-mfloat-abi=hard' '-mfpu=neon' '-mtune=cortex-a9' '-O2' '-pipe' '-g' '-feliminate-unused-debug-types' '-v' '-o' 'CMakeFiles/cmTC_80548.dir/CMakeCXXCompilerABI.cpp.o' '-c' '-shared-libgcc' '-mtls-dialect=gnu'
Linking CXX executable cmTC_80548
/home/siasunhebo/clion-2019.1.4/bin/cmake/linux/bin/cmake -E cmake_link_script CMakeFiles/cmTC_80548.dir/link.txt --verbose=1
/opt/poky/1.7/sysroots/x86_64-pokysdk-linux/usr/bin/arm-poky-linux-gnueabi/arm-poky-linux-gnueabi-g++   -march=armv7-a -mthumb-interwork -mfloat-abi=hard -mfpu=neon -mtune=cortex-a9 --sysroot=/opt/poky/1.7/sysroots/cortexa9hf-vfp-neon-poky-linux-gnueabi  -O2 -pipe -g -feliminate-unused-debug-types   -Wl,-O1 -Wl,--hash-style=gnu -Wl,--as-needed -v CMakeFiles/cmTC_80548.dir/CMakeCXXCompilerABI.cpp.o  -o cmTC_80548 
Using built-in specs.
COLLECT_GCC=/opt/poky/1.7/sysroots/x86_64-pokysdk-linux/usr/bin/arm-poky-linux-gnueabi/arm-poky-linux-gnueabi-g++
COLLECT_LTO_WRAPPER=/opt/poky/1.7/sysroots/x86_64-pokysdk-linux/usr/libexec/arm-poky-linux-gnueabi/gcc/arm-poky-linux-gnueabi/4.9.1/lto-wrapper
Target: arm-poky-linux-gnueabi
Configured with: /home/yuanwenlin/imx6/imx6dl/imx6dlsabresd-fb/tmp/work-shared/gcc-4.9.1-r0/gcc-4.9.1/configure --build=x86_64-linux --host=x86_64-pokysdk-linux --target=arm-poky-linux-gnueabi --prefix=/opt/poky/1.7/sysroots/x86_64-pokysdk-linux/usr --exec_prefix=/opt/poky/1.7/sysroots/x86_64-pokysdk-linux/usr --bindir=/opt/poky/1.7/sysroots/x86_64-pokysdk-linux/usr/bin/arm-poky-linux-gnueabi --sbindir=/opt/poky/1.7/sysroots/x86_64-pokysdk-linux/usr/bin/arm-poky-linux-gnueabi --libexecdir=/opt/poky/1.7/sysroots/x86_64-pokysdk-linux/usr/libexec/arm-poky-linux-gnueabi --datadir=/opt/poky/1.7/sysroots/x86_64-pokysdk-linux/usr/share --sysconfdir=/opt/poky/1.7/sysroots/x86_64-pokysdk-linux/etc --sharedstatedir=/opt/poky/1.7/sysroots/x86_64-pokysdk-linux/com --localstatedir=/opt/poky/1.7/sysroots/x86_64-pokysdk-linux/var --libdir=/opt/poky/1.7/sysroots/x86_64-pokysdk-linux/usr/lib/arm-poky-linux-gnueabi --includedir=/opt/poky/1.7/sysroots/x86_64-pokysdk-linux/usr/include --oldincludedir=/opt/poky/1.7/sysroots/x86_64-pokysdk-linux/usr/include --infodir=/opt/poky/1.7/sysroots/x86_64-pokysdk-linux/usr/share/info --mandir=/opt/poky/1.7/sysroots/x86_64-pokysdk-linux/usr/share/man --disable-silent-rules --disable-dependency-tracking --with-libtool-sysroot=/home/yuanwenlin/imx6/imx6dl/imx6dlsabresd-fb/tmp/sysroots/x86_64-nativesdk-pokysdk-linux --with-gnu-ld --enable-shared --enable-languages=c,c++ --enable-threads=posix --enable-multilib --enable-c99 --enable-long-long --enable-symvers=gnu --enable-libstdcxx-pch --program-prefix=arm-poky-linux-gnueabi- --without-local-prefix --enable-target-optspace --enable-lto --enable-libssp --disable-bootstrap --disable-libmudflap --with-system-zlib --with-linker-hash-style=gnu --enable-linker-build-id --with-ppl=no --with-cloog=no --enable-checking=release --enable-cheaders=c_global --with-gxx-include-dir=/opt/poky/1.7/sysroots/cortexa9hf-vfp-neon-poky-linux-gnueabi/usr/include/c++/4.9.1 --with-build-time-tools=/home/yuanwenlin/imx6/imx6dl/imx6dlsabresd-fb/tmp/sysroots/x86_64-linux/usr/arm-poky-linux-gnueabi/bin --with-sysroot=/opt/poky/1.7/sysroots/cortexa9hf-vfp-neon-poky-linux-gnueabi --with-build-sysroot=/home/yuanwenlin/imx6/imx6dl/imx6dlsabresd-fb/tmp/sysroots/imx6dlsabresd --enable-poison-system-directories --with-mpfr=/home/yuanwenlin/imx6/imx6dl/imx6dlsabresd-fb/tmp/sysroots/x86_64-nativesdk-pokysdk-linux --with-mpc=/home/yuanwenlin/imx6/imx6dl/imx6dlsabresd-fb/tmp/sysroots/x86_64-nativesdk-pokysdk-linux --enable-nls --with-arch=armv7-a
Thread model: posix
gcc version 4.9.1 (GCC) 
COMPILER_PATH=/opt/poky/1.7/sysroots/x86_64-pokysdk-linux/usr/libexec/arm-poky-linux-gnueabi/gcc/arm-poky-linux-gnueabi/4.9.1/:/opt/poky/1.7/sysroots/x86_64-pokysdk-linux/usr/libexec/arm-poky-linux-gnueabi/gcc/arm-poky-linux-gnueabi/4.9.1/:/opt/poky/1.7/sysroots/x86_64-pokysdk-linux/usr/libexec/arm-poky-linux-gnueabi/gcc/arm-poky-linux-gnueabi/:/opt/poky/1.7/sysroots/x86_64-pokysdk-linux/usr/lib/arm-poky-linux-gnueabi/gcc/arm-poky-linux-gnueabi/4.9.1/:/opt/poky/1.7/sysroots/x86_64-pokysdk-linux/usr/lib/arm-poky-linux-gnueabi/gcc/arm-poky-linux-gnueabi/
LIBRARY_PATH=/opt/poky/1.7/sysroots/x86_64-pokysdk-linux/usr/lib/arm-poky-linux-gnueabi/gcc/arm-poky-linux-gnueabi/4.9.1/:/opt/poky/1.7/sysroots/cortexa9hf-vfp-neon-poky-linux-gnueabi/lib/:/opt/poky/1.7/sysroots/cortexa9hf-vfp-neon-poky-linux-gnueabi/usr/lib/arm-poky-linux-gnueabi/4.9.1/:/opt/poky/1.7/sysroots/cortexa9hf-vfp-neon-poky-linux-gnueabi/usr/lib/
COLLECT_GCC_OPTIONS='--sysroot=/opt/poky/1.7/sysroots/cortexa9hf-vfp-neon-poky-linux-gnueabi' '-march=armv7-a' '-mthumb-interwork' '-mfloat-abi=hard' '-mfpu=neon' '-mtune=cortex-a9' '-O2' '-pipe' '-g' '-feliminate-unused-debug-types' '-v' '-o' 'cmTC_80548' '-shared-libgcc' '-mtls-dialect=gnu'
 /opt/poky/1.7/sysroots/x86_64-pokysdk-linux/usr/libexec/arm-poky-linux-gnueabi/gcc/arm-poky-linux-gnueabi/4.9.1/collect2 -plugin /opt/poky/1.7/sysroots/x86_64-pokysdk-linux/usr/libexec/arm-poky-linux-gnueabi/gcc/arm-poky-linux-gnueabi/4.9.1/liblto_plugin.so -plugin-opt=/opt/poky/1.7/sysroots/x86_64-pokysdk-linux/usr/libexec/arm-poky-linux-gnueabi/gcc/arm-poky-linux-gnueabi/4.9.1/lto-wrapper -plugin-opt=-fresolution=/tmp/ccc4wX1q.res -plugin-opt=-pass-through=-lgcc_s -plugin-opt=-pass-through=-lgcc -plugin-opt=-pass-through=-lc -plugin-opt=-pass-through=-lgcc_s -plugin-opt=-pass-through=-lgcc --sysroot=/opt/poky/1.7/sysroots/cortexa9hf-vfp-neon-poky-linux-gnueabi --build-id --eh-frame-hdr --hash-style=gnu -dynamic-linker /lib/ld-linux-armhf.so.3 -X -m armelf_linux_eabi -o cmTC_80548 /opt/poky/1.7/sysroots/cortexa9hf-vfp-neon-poky-linux-gnueabi/usr/lib/crt1.o /opt/poky/1.7/sysroots/cortexa9hf-vfp-neon-poky-linux-gnueabi/usr/lib/crti.o /opt/poky/1.7/sysroots/cortexa9hf-vfp-neon-poky-linux-gnueabi/usr/lib/arm-poky-linux-gnueabi/4.9.1/crtbegin.o -L/opt/poky/1.7/sysroots/x86_64-pokysdk-linux/usr/lib/arm-poky-linux-gnueabi/gcc/arm-poky-linux-gnueabi/4.9.1 -L/opt/poky/1.7/sysroots/cortexa9hf-vfp-neon-poky-linux-gnueabi/lib -L/opt/poky/1.7/sysroots/cortexa9hf-vfp-neon-poky-linux-gnueabi/usr/lib/arm-poky-linux-gnueabi/4.9.1 -L/opt/poky/1.7/sysroots/cortexa9hf-vfp-neon-poky-linux-gnueabi/usr/lib -O1 --hash-style=gnu --as-needed CMakeFiles/cmTC_80548.dir/CMakeCXXCompilerABI.cpp.o -lstdc++ -lm -lgcc_s -lgcc -lc -lgcc_s -lgcc /opt/poky/1.7/sysroots/cortexa9hf-vfp-neon-poky-linux-gnueabi/usr/lib/arm-poky-linux-gnueabi/4.9.1/crtend.o /opt/poky/1.7/sysroots/cortexa9hf-vfp-neon-poky-linux-gnueabi/usr/lib/crtn.o
make[1]: Leaving directory `/home/siasunhebo/ggm/siasun-fhjqr11.11/cmake-build-debug/CMakeFiles/CMakeTmp'


Parsed CXX implicit include dir info from above output: rv=done
  found start of include info
  found start of implicit include info
    add: [/opt/poky/1.7/sysroots/cortexa9hf-vfp-neon-poky-linux-gnueabi/usr/include/c++/4.9.1]
    add: [/opt/poky/1.7/sysroots/cortexa9hf-vfp-neon-poky-linux-gnueabi/usr/include/c++/4.9.1/arm-poky-linux-gnueabi]
    add: [/opt/poky/1.7/sysroots/cortexa9hf-vfp-neon-poky-linux-gnueabi/usr/include/c++/4.9.1/backward]
    add: [/opt/poky/1.7/sysroots/x86_64-pokysdk-linux/usr/lib/arm-poky-linux-gnueabi/gcc/arm-poky-linux-gnueabi/4.9.1/include]
    add: [/opt/poky/1.7/sysroots/x86_64-pokysdk-linux/usr/lib/arm-poky-linux-gnueabi/gcc/arm-poky-linux-gnueabi/4.9.1/include-fixed]
    add: [/opt/poky/1.7/sysroots/cortexa9hf-vfp-neon-poky-linux-gnueabi/usr/include]
  end of search list found
  collapse include dir [/opt/poky/1.7/sysroots/cortexa9hf-vfp-neon-poky-linux-gnueabi/usr/include/c++/4.9.1] ==> [/opt/poky/1.7/sysroots/cortexa9hf-vfp-neon-poky-linux-gnueabi/usr/include/c++/4.9.1]
  collapse include dir [/opt/poky/1.7/sysroots/cortexa9hf-vfp-neon-poky-linux-gnueabi/usr/include/c++/4.9.1/arm-poky-linux-gnueabi] ==> [/opt/poky/1.7/sysroots/cortexa9hf-vfp-neon-poky-linux-gnueabi/usr/include/c++/4.9.1/arm-poky-linux-gnueabi]
  collapse include dir [/opt/poky/1.7/sysroots/cortexa9hf-vfp-neon-poky-linux-gnueabi/usr/include/c++/4.9.1/backward] ==> [/opt/poky/1.7/sysroots/cortexa9hf-vfp-neon-poky-linux-gnueabi/usr/include/c++/4.9.1/backward]
  collapse include dir [/opt/poky/1.7/sysroots/x86_64-pokysdk-linux/usr/lib/arm-poky-linux-gnueabi/gcc/arm-poky-linux-gnueabi/4.9.1/include] ==> [/opt/poky/1.7/sysroots/x86_64-pokysdk-linux/usr/lib/arm-poky-linux-gnueabi/gcc/arm-poky-linux-gnueabi/4.9.1/include]
  collapse include dir [/opt/poky/1.7/sysroots/x86_64-pokysdk-linux/usr/lib/arm-poky-linux-gnueabi/gcc/arm-poky-linux-gnueabi/4.9.1/include-fixed] ==> [/opt/poky/1.7/sysroots/x86_64-pokysdk-linux/usr/lib/arm-poky-linux-gnueabi/gcc/arm-poky-linux-gnueabi/4.9.1/include-fixed]
  collapse include dir [/opt/poky/1.7/sysroots/cortexa9hf-vfp-neon-poky-linux-gnueabi/usr/include] ==> [/opt/poky/1.7/sysroots/cortexa9hf-vfp-neon-poky-linux-gnueabi/usr/include]
  implicit include dirs: [/opt/poky/1.7/sysroots/cortexa9hf-vfp-neon-poky-linux-gnueabi/usr/include/c++/4.9.1;/opt/poky/1.7/sysroots/cortexa9hf-vfp-neon-poky-linux-gnueabi/usr/include/c++/4.9.1/arm-poky-linux-gnueabi;/opt/poky/1.7/sysroots/cortexa9hf-vfp-neon-poky-linux-gnueabi/usr/include/c++/4.9.1/backward;/opt/poky/1.7/sysroots/x86_64-pokysdk-linux/usr/lib/arm-poky-linux-gnueabi/gcc/arm-poky-linux-gnueabi/4.9.1/include;/opt/poky/1.7/sysroots/x86_64-pokysdk-linux/usr/lib/arm-poky-linux-gnueabi/gcc/arm-poky-linux-gnueabi/4.9.1/include-fixed;/opt/poky/1.7/sysroots/cortexa9hf-vfp-neon-poky-linux-gnueabi/usr/include]


Parsed CXX implicit link information from above output:
  link line regex: [^( *|.*[/\])(ld|CMAKE_LINK_STARTFILE-NOTFOUND|([^/\]+-)?ld|collect2)[^/\]*( |$)]
  ignore line: [Change Dir: /home/siasunhebo/ggm/siasun-fhjqr11.11/cmake-build-debug/CMakeFiles/CMakeTmp]
  ignore line: []
  ignore line: [Run Build Command(s):/usr/bin/make cmTC_80548/fast ]
  ignore line: [/usr/bin/make -f CMakeFiles/cmTC_80548.dir/build.make CMakeFiles/cmTC_80548.dir/build]
  ignore line: [make[1]: Entering directory `/home/siasunhebo/ggm/siasun-fhjqr11.11/cmake-build-debug/CMakeFiles/CMakeTmp']
  ignore line: [Building CXX object CMakeFiles/cmTC_80548.dir/CMakeCXXCompilerABI.cpp.o]
  ignore line: [/opt/poky/1.7/sysroots/x86_64-pokysdk-linux/usr/bin/arm-poky-linux-gnueabi/arm-poky-linux-gnueabi-g++   -march=armv7-a -mthumb-interwork -mfloat-abi=hard -mfpu=neon -mtune=cortex-a9 --sysroot=/opt/poky/1.7/sysroots/cortexa9hf-vfp-neon-poky-linux-gnueabi    -O2 -pipe -g -feliminate-unused-debug-types    -v -o CMakeFiles/cmTC_80548.dir/CMakeCXXCompilerABI.cpp.o -c /home/siasunhebo/clion-2019.1.4/bin/cmake/linux/share/cmake-3.14/Modules/CMakeCXXCompilerABI.cpp]
  ignore line: [Using built-in specs.]
  ignore line: [COLLECT_GCC=/opt/poky/1.7/sysroots/x86_64-pokysdk-linux/usr/bin/arm-poky-linux-gnueabi/arm-poky-linux-gnueabi-g++]
  ignore line: [Target: arm-poky-linux-gnueabi]
  ignore line: [Configured with: /home/yuanwenlin/imx6/imx6dl/imx6dlsabresd-fb/tmp/work-shared/gcc-4.9.1-r0/gcc-4.9.1/configure --build=x86_64-linux --host=x86_64-pokysdk-linux --target=arm-poky-linux-gnueabi --prefix=/opt/poky/1.7/sysroots/x86_64-pokysdk-linux/usr --exec_prefix=/opt/poky/1.7/sysroots/x86_64-pokysdk-linux/usr --bindir=/opt/poky/1.7/sysroots/x86_64-pokysdk-linux/usr/bin/arm-poky-linux-gnueabi --sbindir=/opt/poky/1.7/sysroots/x86_64-pokysdk-linux/usr/bin/arm-poky-linux-gnueabi --libexecdir=/opt/poky/1.7/sysroots/x86_64-pokysdk-linux/usr/libexec/arm-poky-linux-gnueabi --datadir=/opt/poky/1.7/sysroots/x86_64-pokysdk-linux/usr/share --sysconfdir=/opt/poky/1.7/sysroots/x86_64-pokysdk-linux/etc --sharedstatedir=/opt/poky/1.7/sysroots/x86_64-pokysdk-linux/com --localstatedir=/opt/poky/1.7/sysroots/x86_64-pokysdk-linux/var --libdir=/opt/poky/1.7/sysroots/x86_64-pokysdk-linux/usr/lib/arm-poky-linux-gnueabi --includedir=/opt/poky/1.7/sysroots/x86_64-pokysdk-linux/usr/include --oldincludedir=/opt/poky/1.7/sysroots/x86_64-pokysdk-linux/usr/include --infodir=/opt/poky/1.7/sysroots/x86_64-pokysdk-linux/usr/share/info --mandir=/opt/poky/1.7/sysroots/x86_64-pokysdk-linux/usr/share/man --disable-silent-rules --disable-dependency-tracking --with-libtool-sysroot=/home/yuanwenlin/imx6/imx6dl/imx6dlsabresd-fb/tmp/sysroots/x86_64-nativesdk-pokysdk-linux --with-gnu-ld --enable-shared --enable-languages=c,c++ --enable-threads=posix --enable-multilib --enable-c99 --enable-long-long --enable-symvers=gnu --enable-libstdcxx-pch --program-prefix=arm-poky-linux-gnueabi- --without-local-prefix --enable-target-optspace --enable-lto --enable-libssp --disable-bootstrap --disable-libmudflap --with-system-zlib --with-linker-hash-style=gnu --enable-linker-build-id --with-ppl=no --with-cloog=no --enable-checking=release --enable-cheaders=c_global --with-gxx-include-dir=/opt/poky/1.7/sysroots/cortexa9hf-vfp-neon-poky-linux-gnueabi/usr/include/c++/4.9.1 --with-build-time-tools=/home/yuanwenlin/imx6/imx6dl/imx6dlsabresd-fb/tmp/sysroots/x86_64-linux/usr/arm-poky-linux-gnueabi/bin --with-sysroot=/opt/poky/1.7/sysroots/cortexa9hf-vfp-neon-poky-linux-gnueabi --with-build-sysroot=/home/yuanwenlin/imx6/imx6dl/imx6dlsabresd-fb/tmp/sysroots/imx6dlsabresd --enable-poison-system-directories --with-mpfr=/home/yuanwenlin/imx6/imx6dl/imx6dlsabresd-fb/tmp/sysroots/x86_64-nativesdk-pokysdk-linux --with-mpc=/home/yuanwenlin/imx6/imx6dl/imx6dlsabresd-fb/tmp/sysroots/x86_64-nativesdk-pokysdk-linux --enable-nls --with-arch=armv7-a]
  ignore line: [Thread model: posix]
  ignore line: [gcc version 4.9.1 (GCC) ]
  ignore line: [COLLECT_GCC_OPTIONS='--sysroot=/opt/poky/1.7/sysroots/cortexa9hf-vfp-neon-poky-linux-gnueabi' '-march=armv7-a' '-mthumb-interwork' '-mfloat-abi=hard' '-mfpu=neon' '-mtune=cortex-a9' '-O2' '-pipe' '-g' '-feliminate-unused-debug-types' '-v' '-o' 'CMakeFiles/cmTC_80548.dir/CMakeCXXCompilerABI.cpp.o' '-c' '-shared-libgcc' '-mtls-dialect=gnu']
  ignore line: [ /opt/poky/1.7/sysroots/x86_64-pokysdk-linux/usr/libexec/arm-poky-linux-gnueabi/gcc/arm-poky-linux-gnueabi/4.9.1/cc1plus -quiet -v -isysroot /opt/poky/1.7/sysroots/cortexa9hf-vfp-neon-poky-linux-gnueabi -D_GNU_SOURCE /home/siasunhebo/clion-2019.1.4/bin/cmake/linux/share/cmake-3.14/Modules/CMakeCXXCompilerABI.cpp -quiet -dumpbase CMakeCXXCompilerABI.cpp -march=armv7-a -mthumb-interwork -mfloat-abi=hard -mfpu=neon -mtune=cortex-a9 -mtls-dialect=gnu -auxbase-strip CMakeFiles/cmTC_80548.dir/CMakeCXXCompilerABI.cpp.o -g -O2 -version -feliminate-unused-debug-types -o - |]
  ignore line: [ /opt/poky/1.7/sysroots/x86_64-pokysdk-linux/usr/libexec/arm-poky-linux-gnueabi/gcc/arm-poky-linux-gnueabi/4.9.1/as -v -march=armv7-a -mthumb-interwork -mfloat-abi=hard -mfpu=neon -meabi=5 -o CMakeFiles/cmTC_80548.dir/CMakeCXXCompilerABI.cpp.o]
  ignore line: [GNU C++ (GCC) version 4.9.1 (arm-poky-linux-gnueabi)]
  ignore line: [	compiled by GNU C version 4.9.1, GMP version 6.0.0, MPFR version 3.1.2, MPC version 1.0.2]
  ignore line: [GGC heuristics: --param ggc-min-expand=100 --param ggc-min-heapsize=131072]
  ignore line: [ignoring nonexistent directory "/opt/poky/1.7/sysroots/cortexa9hf-vfp-neon-poky-linux-gnueabi/usr/local/include"]
  ignore line: [ignoring nonexistent directory "/opt/poky/1.7/sysroots/x86_64-pokysdk-linux/usr/lib/arm-poky-linux-gnueabi/gcc/arm-poky-linux-gnueabi/4.9.1/../../../../../arm-poky-linux-gnueabi/include"]
  ignore line: [#include "..." search starts here:]
  ignore line: [#include <...> search starts here:]
  ignore line: [ /opt/poky/1.7/sysroots/cortexa9hf-vfp-neon-poky-linux-gnueabi/usr/include/c++/4.9.1]
  ignore line: [ /opt/poky/1.7/sysroots/cortexa9hf-vfp-neon-poky-linux-gnueabi/usr/include/c++/4.9.1/arm-poky-linux-gnueabi]
  ignore line: [ /opt/poky/1.7/sysroots/cortexa9hf-vfp-neon-poky-linux-gnueabi/usr/include/c++/4.9.1/backward]
  ignore line: [ /opt/poky/1.7/sysroots/x86_64-pokysdk-linux/usr/lib/arm-poky-linux-gnueabi/gcc/arm-poky-linux-gnueabi/4.9.1/include]
  ignore line: [ /opt/poky/1.7/sysroots/x86_64-pokysdk-linux/usr/lib/arm-poky-linux-gnueabi/gcc/arm-poky-linux-gnueabi/4.9.1/include-fixed]
  ignore line: [ /opt/poky/1.7/sysroots/cortexa9hf-vfp-neon-poky-linux-gnueabi/usr/include]
  ignore line: [End of search list.]
  ignore line: [GNU assembler version 2.24 (arm-poky-linux-gnueabi) using BFD version (GNU Binutils) 2.24]
  ignore line: [GNU C++ (GCC) version 4.9.1 (arm-poky-linux-gnueabi)]
  ignore line: [	compiled by GNU C version 4.9.1, GMP version 6.0.0, MPFR version 3.1.2, MPC version 1.0.2]
  ignore line: [GGC heuristics: --param ggc-min-expand=100 --param ggc-min-heapsize=131072]
  ignore line: [Compiler executable checksum: db9e98d736de1f5aa725240e2897d298]
  ignore line: [COMPILER_PATH=/opt/poky/1.7/sysroots/x86_64-pokysdk-linux/usr/libexec/arm-poky-linux-gnueabi/gcc/arm-poky-linux-gnueabi/4.9.1/:/opt/poky/1.7/sysroots/x86_64-pokysdk-linux/usr/libexec/arm-poky-linux-gnueabi/gcc/arm-poky-linux-gnueabi/4.9.1/:/opt/poky/1.7/sysroots/x86_64-pokysdk-linux/usr/libexec/arm-poky-linux-gnueabi/gcc/arm-poky-linux-gnueabi/:/opt/poky/1.7/sysroots/x86_64-pokysdk-linux/usr/lib/arm-poky-linux-gnueabi/gcc/arm-poky-linux-gnueabi/4.9.1/:/opt/poky/1.7/sysroots/x86_64-pokysdk-linux/usr/lib/arm-poky-linux-gnueabi/gcc/arm-poky-linux-gnueabi/]
  ignore line: [LIBRARY_PATH=/opt/poky/1.7/sysroots/x86_64-pokysdk-linux/usr/lib/arm-poky-linux-gnueabi/gcc/arm-poky-linux-gnueabi/4.9.1/:/opt/poky/1.7/sysroots/cortexa9hf-vfp-neon-poky-linux-gnueabi/lib/:/opt/poky/1.7/sysroots/cortexa9hf-vfp-neon-poky-linux-gnueabi/usr/lib/arm-poky-linux-gnueabi/4.9.1/:/opt/poky/1.7/sysroots/cortexa9hf-vfp-neon-poky-linux-gnueabi/usr/lib/]
  ignore line: [COLLECT_GCC_OPTIONS='--sysroot=/opt/poky/1.7/sysroots/cortexa9hf-vfp-neon-poky-linux-gnueabi' '-march=armv7-a' '-mthumb-interwork' '-mfloat-abi=hard' '-mfpu=neon' '-mtune=cortex-a9' '-O2' '-pipe' '-g' '-feliminate-unused-debug-types' '-v' '-o' 'CMakeFiles/cmTC_80548.dir/CMakeCXXCompilerABI.cpp.o' '-c' '-shared-libgcc' '-mtls-dialect=gnu']
  ignore line: [Linking CXX executable cmTC_80548]
  ignore line: [/home/siasunhebo/clion-2019.1.4/bin/cmake/linux/bin/cmake -E cmake_link_script CMakeFiles/cmTC_80548.dir/link.txt --verbose=1]
  ignore line: [/opt/poky/1.7/sysroots/x86_64-pokysdk-linux/usr/bin/arm-poky-linux-gnueabi/arm-poky-linux-gnueabi-g++   -march=armv7-a -mthumb-interwork -mfloat-abi=hard -mfpu=neon -mtune=cortex-a9 --sysroot=/opt/poky/1.7/sysroots/cortexa9hf-vfp-neon-poky-linux-gnueabi  -O2 -pipe -g -feliminate-unused-debug-types   -Wl,-O1 -Wl,--hash-style=gnu -Wl,--as-needed -v CMakeFiles/cmTC_80548.dir/CMakeCXXCompilerABI.cpp.o  -o cmTC_80548 ]
  ignore line: [Using built-in specs.]
  ignore line: [COLLECT_GCC=/opt/poky/1.7/sysroots/x86_64-pokysdk-linux/usr/bin/arm-poky-linux-gnueabi/arm-poky-linux-gnueabi-g++]
  ignore line: [COLLECT_LTO_WRAPPER=/opt/poky/1.7/sysroots/x86_64-pokysdk-linux/usr/libexec/arm-poky-linux-gnueabi/gcc/arm-poky-linux-gnueabi/4.9.1/lto-wrapper]
  ignore line: [Target: arm-poky-linux-gnueabi]
  ignore line: [Configured with: /home/yuanwenlin/imx6/imx6dl/imx6dlsabresd-fb/tmp/work-shared/gcc-4.9.1-r0/gcc-4.9.1/configure --build=x86_64-linux --host=x86_64-pokysdk-linux --target=arm-poky-linux-gnueabi --prefix=/opt/poky/1.7/sysroots/x86_64-pokysdk-linux/usr --exec_prefix=/opt/poky/1.7/sysroots/x86_64-pokysdk-linux/usr --bindir=/opt/poky/1.7/sysroots/x86_64-pokysdk-linux/usr/bin/arm-poky-linux-gnueabi --sbindir=/opt/poky/1.7/sysroots/x86_64-pokysdk-linux/usr/bin/arm-poky-linux-gnueabi --libexecdir=/opt/poky/1.7/sysroots/x86_64-pokysdk-linux/usr/libexec/arm-poky-linux-gnueabi --datadir=/opt/poky/1.7/sysroots/x86_64-pokysdk-linux/usr/share --sysconfdir=/opt/poky/1.7/sysroots/x86_64-pokysdk-linux/etc --sharedstatedir=/opt/poky/1.7/sysroots/x86_64-pokysdk-linux/com --localstatedir=/opt/poky/1.7/sysroots/x86_64-pokysdk-linux/var --libdir=/opt/poky/1.7/sysroots/x86_64-pokysdk-linux/usr/lib/arm-poky-linux-gnueabi --includedir=/opt/poky/1.7/sysroots/x86_64-pokysdk-linux/usr/include --oldincludedir=/opt/poky/1.7/sysroots/x86_64-pokysdk-linux/usr/include --infodir=/opt/poky/1.7/sysroots/x86_64-pokysdk-linux/usr/share/info --mandir=/opt/poky/1.7/sysroots/x86_64-pokysdk-linux/usr/share/man --disable-silent-rules --disable-dependency-tracking --with-libtool-sysroot=/home/yuanwenlin/imx6/imx6dl/imx6dlsabresd-fb/tmp/sysroots/x86_64-nativesdk-pokysdk-linux --with-gnu-ld --enable-shared --enable-languages=c,c++ --enable-threads=posix --enable-multilib --enable-c99 --enable-long-long --enable-symvers=gnu --enable-libstdcxx-pch --program-prefix=arm-poky-linux-gnueabi- --without-local-prefix --enable-target-optspace --enable-lto --enable-libssp --disable-bootstrap --disable-libmudflap --with-system-zlib --with-linker-hash-style=gnu --enable-linker-build-id --with-ppl=no --with-cloog=no --enable-checking=release --enable-cheaders=c_global --with-gxx-include-dir=/opt/poky/1.7/sysroots/cortexa9hf-vfp-neon-poky-linux-gnueabi/usr/include/c++/4.9.1 --with-build-time-tools=/home/yuanwenlin/imx6/imx6dl/imx6dlsabresd-fb/tmp/sysroots/x86_64-linux/usr/arm-poky-linux-gnueabi/bin --with-sysroot=/opt/poky/1.7/sysroots/cortexa9hf-vfp-neon-poky-linux-gnueabi --with-build-sysroot=/home/yuanwenlin/imx6/imx6dl/imx6dlsabresd-fb/tmp/sysroots/imx6dlsabresd --enable-poison-system-directories --with-mpfr=/home/yuanwenlin/imx6/imx6dl/imx6dlsabresd-fb/tmp/sysroots/x86_64-nativesdk-pokysdk-linux --with-mpc=/home/yuanwenlin/imx6/imx6dl/imx6dlsabresd-fb/tmp/sysroots/x86_64-nativesdk-pokysdk-linux --enable-nls --with-arch=armv7-a]
  ignore line: [Thread model: posix]
  ignore line: [gcc version 4.9.1 (GCC) ]
  ignore line: [COMPILER_PATH=/opt/poky/1.7/sysroots/x86_64-pokysdk-linux/usr/libexec/arm-poky-linux-gnueabi/gcc/arm-poky-linux-gnueabi/4.9.1/:/opt/poky/1.7/sysroots/x86_64-pokysdk-linux/usr/libexec/arm-poky-linux-gnueabi/gcc/arm-poky-linux-gnueabi/4.9.1/:/opt/poky/1.7/sysroots/x86_64-pokysdk-linux/usr/libexec/arm-poky-linux-gnueabi/gcc/arm-poky-linux-gnueabi/:/opt/poky/1.7/sysroots/x86_64-pokysdk-linux/usr/lib/arm-poky-linux-gnueabi/gcc/arm-poky-linux-gnueabi/4.9.1/:/opt/poky/1.7/sysroots/x86_64-pokysdk-linux/usr/lib/arm-poky-linux-gnueabi/gcc/arm-poky-linux-gnueabi/]
  ignore line: [LIBRARY_PATH=/opt/poky/1.7/sysroots/x86_64-pokysdk-linux/usr/lib/arm-poky-linux-gnueabi/gcc/arm-poky-linux-gnueabi/4.9.1/:/opt/poky/1.7/sysroots/cortexa9hf-vfp-neon-poky-linux-gnueabi/lib/:/opt/poky/1.7/sysroots/cortexa9hf-vfp-neon-poky-linux-gnueabi/usr/lib/arm-poky-linux-gnueabi/4.9.1/:/opt/poky/1.7/sysroots/cortexa9hf-vfp-neon-poky-linux-gnueabi/usr/lib/]
  ignore line: [COLLECT_GCC_OPTIONS='--sysroot=/opt/poky/1.7/sysroots/cortexa9hf-vfp-neon-poky-linux-gnueabi' '-march=armv7-a' '-mthumb-interwork' '-mfloat-abi=hard' '-mfpu=neon' '-mtune=cortex-a9' '-O2' '-pipe' '-g' '-feliminate-unused-debug-types' '-v' '-o' 'cmTC_80548' '-shared-libgcc' '-mtls-dialect=gnu']
  link line: [ /opt/poky/1.7/sysroots/x86_64-pokysdk-linux/usr/libexec/arm-poky-linux-gnueabi/gcc/arm-poky-linux-gnueabi/4.9.1/collect2 -plugin /opt/poky/1.7/sysroots/x86_64-pokysdk-linux/usr/libexec/arm-poky-linux-gnueabi/gcc/arm-poky-linux-gnueabi/4.9.1/liblto_plugin.so -plugin-opt=/opt/poky/1.7/sysroots/x86_64-pokysdk-linux/usr/libexec/arm-poky-linux-gnueabi/gcc/arm-poky-linux-gnueabi/4.9.1/lto-wrapper -plugin-opt=-fresolution=/tmp/ccc4wX1q.res -plugin-opt=-pass-through=-lgcc_s -plugin-opt=-pass-through=-lgcc -plugin-opt=-pass-through=-lc -plugin-opt=-pass-through=-lgcc_s -plugin-opt=-pass-through=-lgcc --sysroot=/opt/poky/1.7/sysroots/cortexa9hf-vfp-neon-poky-linux-gnueabi --build-id --eh-frame-hdr --hash-style=gnu -dynamic-linker /lib/ld-linux-armhf.so.3 -X -m armelf_linux_eabi -o cmTC_80548 /opt/poky/1.7/sysroots/cortexa9hf-vfp-neon-poky-linux-gnueabi/usr/lib/crt1.o /opt/poky/1.7/sysroots/cortexa9hf-vfp-neon-poky-linux-gnueabi/usr/lib/crti.o /opt/poky/1.7/sysroots/cortexa9hf-vfp-neon-poky-linux-gnueabi/usr/lib/arm-poky-linux-gnueabi/4.9.1/crtbegin.o -L/opt/poky/1.7/sysroots/x86_64-pokysdk-linux/usr/lib/arm-poky-linux-gnueabi/gcc/arm-poky-linux-gnueabi/4.9.1 -L/opt/poky/1.7/sysroots/cortexa9hf-vfp-neon-poky-linux-gnueabi/lib -L/opt/poky/1.7/sysroots/cortexa9hf-vfp-neon-poky-linux-gnueabi/usr/lib/arm-poky-linux-gnueabi/4.9.1 -L/opt/poky/1.7/sysroots/cortexa9hf-vfp-neon-poky-linux-gnueabi/usr/lib -O1 --hash-style=gnu --as-needed CMakeFiles/cmTC_80548.dir/CMakeCXXCompilerABI.cpp.o -lstdc++ -lm -lgcc_s -lgcc -lc -lgcc_s -lgcc /opt/poky/1.7/sysroots/cortexa9hf-vfp-neon-poky-linux-gnueabi/usr/lib/arm-poky-linux-gnueabi/4.9.1/crtend.o /opt/poky/1.7/sysroots/cortexa9hf-vfp-neon-poky-linux-gnueabi/usr/lib/crtn.o]
    arg [/opt/poky/1.7/sysroots/x86_64-pokysdk-linux/usr/libexec/arm-poky-linux-gnueabi/gcc/arm-poky-linux-gnueabi/4.9.1/collect2] ==> ignore
    arg [-plugin] ==> ignore
    arg [/opt/poky/1.7/sysroots/x86_64-pokysdk-linux/usr/libexec/arm-poky-linux-gnueabi/gcc/arm-poky-linux-gnueabi/4.9.1/liblto_plugin.so] ==> ignore
    arg [-plugin-opt=/opt/poky/1.7/sysroots/x86_64-pokysdk-linux/usr/libexec/arm-poky-linux-gnueabi/gcc/arm-poky-linux-gnueabi/4.9.1/lto-wrapper] ==> ignore
    arg [-plugin-opt=-fresolution=/tmp/ccc4wX1q.res] ==> ignore
    arg [-plugin-opt=-pass-through=-lgcc_s] ==> ignore
    arg [-plugin-opt=-pass-through=-lgcc] ==> ignore
    arg [-plugin-opt=-pass-through=-lc] ==> ignore
    arg [-plugin-opt=-pass-through=-lgcc_s] ==> ignore
    arg [-plugin-opt=-pass-through=-lgcc] ==> ignore
    arg [--sysroot=/opt/poky/1.7/sysroots/cortexa9hf-vfp-neon-poky-linux-gnueabi] ==> ignore
    arg [--build-id] ==> ignore
    arg [--eh-frame-hdr] ==> ignore
    arg [--hash-style=gnu] ==> ignore
    arg [-dynamic-linker] ==> ignore
    arg [/lib/ld-linux-armhf.so.3] ==> ignore
    arg [-X] ==> ignore
    arg [-m] ==> ignore
    arg [armelf_linux_eabi] ==> ignore
    arg [-o] ==> ignore
    arg [cmTC_80548] ==> ignore
    arg [/opt/poky/1.7/sysroots/cortexa9hf-vfp-neon-poky-linux-gnueabi/usr/lib/crt1.o] ==> ignore
    arg [/opt/poky/1.7/sysroots/cortexa9hf-vfp-neon-poky-linux-gnueabi/usr/lib/crti.o] ==> ignore
    arg [/opt/poky/1.7/sysroots/cortexa9hf-vfp-neon-poky-linux-gnueabi/usr/lib/arm-poky-linux-gnueabi/4.9.1/crtbegin.o] ==> ignore
    arg [-L/opt/poky/1.7/sysroots/x86_64-pokysdk-linux/usr/lib/arm-poky-linux-gnueabi/gcc/arm-poky-linux-gnueabi/4.9.1] ==> dir [/opt/poky/1.7/sysroots/x86_64-pokysdk-linux/usr/lib/arm-poky-linux-gnueabi/gcc/arm-poky-linux-gnueabi/4.9.1]
    arg [-L/opt/poky/1.7/sysroots/cortexa9hf-vfp-neon-poky-linux-gnueabi/lib] ==> dir [/opt/poky/1.7/sysroots/cortexa9hf-vfp-neon-poky-linux-gnueabi/lib]
    arg [-L/opt/poky/1.7/sysroots/cortexa9hf-vfp-neon-poky-linux-gnueabi/usr/lib/arm-poky-linux-gnueabi/4.9.1] ==> dir [/opt/poky/1.7/sysroots/cortexa9hf-vfp-neon-poky-linux-gnueabi/usr/lib/arm-poky-linux-gnueabi/4.9.1]
    arg [-L/opt/poky/1.7/sysroots/cortexa9hf-vfp-neon-poky-linux-gnueabi/usr/lib] ==> dir [/opt/poky/1.7/sysroots/cortexa9hf-vfp-neon-poky-linux-gnueabi/usr/lib]
    arg [-O1] ==> ignore
    arg [--hash-style=gnu] ==> ignore
    arg [--as-needed] ==> ignore
    arg [CMakeFiles/cmTC_80548.dir/CMakeCXXCompilerABI.cpp.o] ==> ignore
    arg [-lstdc++] ==> lib [stdc++]
    arg [-lm] ==> lib [m]
    arg [-lgcc_s] ==> lib [gcc_s]
    arg [-lgcc] ==> lib [gcc]
    arg [-lc] ==> lib [c]
    arg [-lgcc_s] ==> lib [gcc_s]
    arg [-lgcc] ==> lib [gcc]
    arg [/opt/poky/1.7/sysroots/cortexa9hf-vfp-neon-poky-linux-gnueabi/usr/lib/arm-poky-linux-gnueabi/4.9.1/crtend.o] ==> ignore
    arg [/opt/poky/1.7/sysroots/cortexa9hf-vfp-neon-poky-linux-gnueabi/usr/lib/crtn.o] ==> ignore
  collapse library dir [/opt/poky/1.7/sysroots/x86_64-pokysdk-linux/usr/lib/arm-poky-linux-gnueabi/gcc/arm-poky-linux-gnueabi/4.9.1] ==> [/opt/poky/1.7/sysroots/x86_64-pokysdk-linux/usr/lib/arm-poky-linux-gnueabi/gcc/arm-poky-linux-gnueabi/4.9.1]
  collapse library dir [/opt/poky/1.7/sysroots/cortexa9hf-vfp-neon-poky-linux-gnueabi/lib] ==> [/opt/poky/1.7/sysroots/cortexa9hf-vfp-neon-poky-linux-gnueabi/lib]
  collapse library dir [/opt/poky/1.7/sysroots/cortexa9hf-vfp-neon-poky-linux-gnueabi/usr/lib/arm-poky-linux-gnueabi/4.9.1] ==> [/opt/poky/1.7/sysroots/cortexa9hf-vfp-neon-poky-linux-gnueabi/usr/lib/arm-poky-linux-gnueabi/4.9.1]
  collapse library dir [/opt/poky/1.7/sysroots/cortexa9hf-vfp-neon-poky-linux-gnueabi/usr/lib] ==> [/opt/poky/1.7/sysroots/cortexa9hf-vfp-neon-poky-linux-gnueabi/usr/lib]
  implicit libs: [stdc++;m;gcc_s;gcc;c;gcc_s;gcc]
  implicit dirs: [/opt/poky/1.7/sysroots/x86_64-pokysdk-linux/usr/lib/arm-poky-linux-gnueabi/gcc/arm-poky-linux-gnueabi/4.9.1;/opt/poky/1.7/sysroots/cortexa9hf-vfp-neon-poky-linux-gnueabi/lib;/opt/poky/1.7/sysroots/cortexa9hf-vfp-neon-poky-linux-gnueabi/usr/lib/arm-poky-linux-gnueabi/4.9.1;/opt/poky/1.7/sysroots/cortexa9hf-vfp-neon-poky-linux-gnueabi/usr/lib]
  implicit fwks: []




Detecting CXX [-std=c++14] compiler features compiled with the following output:
Change Dir: /home/siasunhebo/ggm/siasun-fhjqr11.11/cmake-build-debug/CMakeFiles/CMakeTmp

Run Build Command(s):/usr/bin/make cmTC_b6ca3/fast 
/usr/bin/make -f CMakeFiles/cmTC_b6ca3.dir/build.make CMakeFiles/cmTC_b6ca3.dir/build
make[1]: 正在进入目录 `/home/siasunhebo/ggm/siasun-fhjqr11.11/cmake-build-debug/CMakeFiles/CMakeTmp'
Building CXX object CMakeFiles/cmTC_b6ca3.dir/feature_tests.cxx.o
/opt/poky/1.7/sysroots/x86_64-pokysdk-linux/usr/bin/arm-poky-linux-gnueabi/arm-poky-linux-gnueabi-g++   -march=armv7-a -mthumb-interwork -mfloat-abi=hard -mfpu=neon -mtune=cortex-a9 --sysroot=/opt/poky/1.7/sysroots/cortexa9hf-vfp-neon-poky-linux-gnueabi    -O2 -pipe -g -feliminate-unused-debug-types    -std=c++14 -o CMakeFiles/cmTC_b6ca3.dir/feature_tests.cxx.o -c /home/siasunhebo/ggm/siasun-fhjqr11.11/cmake-build-debug/CMakeFiles/feature_tests.cxx
Linking CXX executable cmTC_b6ca3
/home/siasunhebo/clion-2019.1.4/bin/cmake/linux/bin/cmake -E cmake_link_script CMakeFiles/cmTC_b6ca3.dir/link.txt --verbose=1
/opt/poky/1.7/sysroots/x86_64-pokysdk-linux/usr/bin/arm-poky-linux-gnueabi/arm-poky-linux-gnueabi-g++   -march=armv7-a -mthumb-interwork -mfloat-abi=hard -mfpu=neon -mtune=cortex-a9 --sysroot=/opt/poky/1.7/sysroots/cortexa9hf-vfp-neon-poky-linux-gnueabi  -O2 -pipe -g -feliminate-unused-debug-types   -Wl,-O1 -Wl,--hash-style=gnu -Wl,--as-needed  CMakeFiles/cmTC_b6ca3.dir/feature_tests.cxx.o  -o cmTC_b6ca3 
make[1]:正在离开目录 `/home/siasunhebo/ggm/siasun-fhjqr11.11/cmake-build-debug/CMakeFiles/CMakeTmp'


    Feature record: CXX_FEATURE:0cxx_aggregate_default_initializers
    Feature record: CXX_FEATURE:1cxx_alias_templates
    Feature record: CXX_FEATURE:1cxx_alignas
    Feature record: CXX_FEATURE:1cxx_alignof
    Feature record: CXX_FEATURE:1cxx_attributes
    Feature record: CXX_FEATURE:1cxx_attribute_deprecated
    Feature record: CXX_FEATURE:1cxx_auto_type
    Feature record: CXX_FEATURE:1cxx_binary_literals
    Feature record: CXX_FEATURE:1cxx_constexpr
    Feature record: CXX_FEATURE:1cxx_contextual_conversions
    Feature record: CXX_FEATURE:1cxx_decltype
    Feature record: CXX_FEATURE:1cxx_decltype_auto
    Feature record: CXX_FEATURE:1cxx_decltype_incomplete_return_types
    Feature record: CXX_FEATURE:1cxx_default_function_template_args
    Feature record: CXX_FEATURE:1cxx_defaulted_functions
    Feature record: CXX_FEATURE:1cxx_defaulted_move_initializers
    Feature record: CXX_FEATURE:1cxx_delegating_constructors
    Feature record: CXX_FEATURE:1cxx_deleted_functions
    Feature record: CXX_FEATURE:1cxx_digit_separators
    Feature record: CXX_FEATURE:1cxx_enum_forward_declarations
    Feature record: CXX_FEATURE:1cxx_explicit_conversions
    Feature record: CXX_FEATURE:1cxx_extended_friend_declarations
    Feature record: CXX_FEATURE:1cxx_extern_templates
    Feature record: CXX_FEATURE:1cxx_final
    Feature record: CXX_FEATURE:1cxx_func_identifier
    Feature record: CXX_FEATURE:1cxx_generalized_initializers
    Feature record: CXX_FEATURE:1cxx_generic_lambdas
    Feature record: CXX_FEATURE:1cxx_inheriting_constructors
    Feature record: CXX_FEATURE:1cxx_inline_namespaces
    Feature record: CXX_FEATURE:1cxx_lambdas
    Feature record: CXX_FEATURE:1cxx_lambda_init_captures
    Feature record: CXX_FEATURE:1cxx_local_type_template_args
    Feature record: CXX_FEATURE:1cxx_long_long_type
    Feature record: CXX_FEATURE:1cxx_noexcept
    Feature record: CXX_FEATURE:1cxx_nonstatic_member_init
    Feature record: CXX_FEATURE:1cxx_nullptr
    Feature record: CXX_FEATURE:1cxx_override
    Feature record: CXX_FEATURE:1cxx_range_for
    Feature record: CXX_FEATURE:1cxx_raw_string_literals
    Feature record: CXX_FEATURE:1cxx_reference_qualified_functions
    Feature record: CXX_FEATURE:0cxx_relaxed_constexpr
    Feature record: CXX_FEATURE:1cxx_return_type_deduction
    Feature record: CXX_FEATURE:1cxx_right_angle_brackets
    Feature record: CXX_FEATURE:1cxx_rvalue_references
    Feature record: CXX_FEATURE:1cxx_sizeof_member
    Feature record: CXX_FEATURE:1cxx_static_assert
    Feature record: CXX_FEATURE:1cxx_strong_enums
    Feature record: CXX_FEATURE:1cxx_template_template_parameters
    Feature record: CXX_FEATURE:1cxx_thread_local
    Feature record: CXX_FEATURE:1cxx_trailing_return_types
    Feature record: CXX_FEATURE:1cxx_unicode_literals
    Feature record: CXX_FEATURE:1cxx_uniform_initialization
    Feature record: CXX_FEATURE:1cxx_unrestricted_unions
    Feature record: CXX_FEATURE:1cxx_user_literals
    Feature record: CXX_FEATURE:0cxx_variable_templates
    Feature record: CXX_FEATURE:1cxx_variadic_macros
    Feature record: CXX_FEATURE:1cxx_variadic_templates


Detecting CXX [-std=c++11] compiler features compiled with the following output:
Change Dir: /home/siasunhebo/ggm/siasun-fhjqr11.11/cmake-build-debug/CMakeFiles/CMakeTmp

Run Build Command(s):/usr/bin/make cmTC_6cf3c/fast 
/usr/bin/make -f CMakeFiles/cmTC_6cf3c.dir/build.make CMakeFiles/cmTC_6cf3c.dir/build
make[1]: 正在进入目录 `/home/siasunhebo/ggm/siasun-fhjqr11.11/cmake-build-debug/CMakeFiles/CMakeTmp'
Building CXX object CMakeFiles/cmTC_6cf3c.dir/feature_tests.cxx.o
/opt/poky/1.7/sysroots/x86_64-pokysdk-linux/usr/bin/arm-poky-linux-gnueabi/arm-poky-linux-gnueabi-g++   -march=armv7-a -mthumb-interwork -mfloat-abi=hard -mfpu=neon -mtune=cortex-a9 --sysroot=/opt/poky/1.7/sysroots/cortexa9hf-vfp-neon-poky-linux-gnueabi    -O2 -pipe -g -feliminate-unused-debug-types    -std=c++11 -o CMakeFiles/cmTC_6cf3c.dir/feature_tests.cxx.o -c /home/siasunhebo/ggm/siasun-fhjqr11.11/cmake-build-debug/CMakeFiles/feature_tests.cxx
Linking CXX executable cmTC_6cf3c
/home/siasunhebo/clion-2019.1.4/bin/cmake/linux/bin/cmake -E cmake_link_script CMakeFiles/cmTC_6cf3c.dir/link.txt --verbose=1
/opt/poky/1.7/sysroots/x86_64-pokysdk-linux/usr/bin/arm-poky-linux-gnueabi/arm-poky-linux-gnueabi-g++   -march=armv7-a -mthumb-interwork -mfloat-abi=hard -mfpu=neon -mtune=cortex-a9 --sysroot=/opt/poky/1.7/sysroots/cortexa9hf-vfp-neon-poky-linux-gnueabi  -O2 -pipe -g -feliminate-unused-debug-types   -Wl,-O1 -Wl,--hash-style=gnu -Wl,--as-needed  CMakeFiles/cmTC_6cf3c.dir/feature_tests.cxx.o  -o cmTC_6cf3c 
make[1]:正在离开目录 `/home/siasunhebo/ggm/siasun-fhjqr11.11/cmake-build-debug/CMakeFiles/CMakeTmp'


    Feature record: CXX_FEATURE:0cxx_aggregate_default_initializers
    Feature record: CXX_FEATURE:1cxx_alias_templates
    Feature record: CXX_FEATURE:1cxx_alignas
    Feature record: CXX_FEATURE:1cxx_alignof
    Feature record: CXX_FEATURE:1cxx_attributes
    Feature record: CXX_FEATURE:0cxx_attribute_deprecated
    Feature record: CXX_FEATURE:1cxx_auto_type
    Feature record: CXX_FEATURE:0cxx_binary_literals
    Feature record: CXX_FEATURE:1cxx_constexpr
    Feature record: CXX_FEATURE:0cxx_contextual_conversions
    Feature record: CXX_FEATURE:1cxx_decltype
    Feature record: CXX_FEATURE:0cxx_decltype_auto
    Feature record: CXX_FEATURE:1cxx_decltype_incomplete_return_types
    Feature record: CXX_FEATURE:1cxx_default_function_template_args
    Feature record: CXX_FEATURE:1cxx_defaulted_functions
    Feature record: CXX_FEATURE:1cxx_defaulted_move_initializers
    Feature record: CXX_FEATURE:1cxx_delegating_constructors
    Feature record: CXX_FEATURE:1cxx_deleted_functions
    Feature record: CXX_FEATURE:0cxx_digit_separators
    Feature record: CXX_FEATURE:1cxx_enum_forward_declarations
    Feature record: CXX_FEATURE:1cxx_explicit_conversions
    Feature record: CXX_FEATURE:1cxx_extended_friend_declarations
    Feature record: CXX_FEATURE:1cxx_extern_templates
    Feature record: CXX_FEATURE:1cxx_final
    Feature record: CXX_FEATURE:1cxx_func_identifier
    Feature record: CXX_FEATURE:1cxx_generalized_initializers
    Feature record: CXX_FEATURE:0cxx_generic_lambdas
    Feature record: CXX_FEATURE:1cxx_inheriting_constructors
    Feature record: CXX_FEATURE:1cxx_inline_namespaces
    Feature record: CXX_FEATURE:1cxx_lambdas
    Feature record: CXX_FEATURE:0cxx_lambda_init_captures
    Feature record: CXX_FEATURE:1cxx_local_type_template_args
    Feature record: CXX_FEATURE:1cxx_long_long_type
    Feature record: CXX_FEATURE:1cxx_noexcept
    Feature record: CXX_FEATURE:1cxx_nonstatic_member_init
    Feature record: CXX_FEATURE:1cxx_nullptr
    Feature record: CXX_FEATURE:1cxx_override
    Feature record: CXX_FEATURE:1cxx_range_for
    Feature record: CXX_FEATURE:1cxx_raw_string_literals
    Feature record: CXX_FEATURE:1cxx_reference_qualified_functions
    Feature record: CXX_FEATURE:0cxx_relaxed_constexpr
    Feature record: CXX_FEATURE:0cxx_return_type_deduction
    Feature record: CXX_FEATURE:1cxx_right_angle_brackets
    Feature record: CXX_FEATURE:1cxx_rvalue_references
    Feature record: CXX_FEATURE:1cxx_sizeof_member
    Feature record: CXX_FEATURE:1cxx_static_assert
    Feature record: CXX_FEATURE:1cxx_strong_enums
    Feature record: CXX_FEATURE:1cxx_template_template_parameters
    Feature record: CXX_FEATURE:1cxx_thread_local
    Feature record: CXX_FEATURE:1cxx_trailing_return_types
    Feature record: CXX_FEATURE:1cxx_unicode_literals
    Feature record: CXX_FEATURE:1cxx_uniform_initialization
    Feature record: CXX_FEATURE:1cxx_unrestricted_unions
    Feature record: CXX_FEATURE:1cxx_user_literals
    Feature record: CXX_FEATURE:0cxx_variable_templates
    Feature record: CXX_FEATURE:1cxx_variadic_macros
    Feature record: CXX_FEATURE:1cxx_variadic_templates


Detecting CXX [-std=c++98] compiler features compiled with the following output:
Change Dir: /home/siasunhebo/ggm/siasun-fhjqr11.11/cmake-build-debug/CMakeFiles/CMakeTmp

Run Build Command(s):/usr/bin/make cmTC_49fb6/fast 
/usr/bin/make -f CMakeFiles/cmTC_49fb6.dir/build.make CMakeFiles/cmTC_49fb6.dir/build
make[1]: 正在进入目录 `/home/siasunhebo/ggm/siasun-fhjqr11.11/cmake-build-debug/CMakeFiles/CMakeTmp'
Building CXX object CMakeFiles/cmTC_49fb6.dir/feature_tests.cxx.o
/opt/poky/1.7/sysroots/x86_64-pokysdk-linux/usr/bin/arm-poky-linux-gnueabi/arm-poky-linux-gnueabi-g++   -march=armv7-a -mthumb-interwork -mfloat-abi=hard -mfpu=neon -mtune=cortex-a9 --sysroot=/opt/poky/1.7/sysroots/cortexa9hf-vfp-neon-poky-linux-gnueabi    -O2 -pipe -g -feliminate-unused-debug-types    -std=c++98 -o CMakeFiles/cmTC_49fb6.dir/feature_tests.cxx.o -c /home/siasunhebo/ggm/siasun-fhjqr11.11/cmake-build-debug/CMakeFiles/feature_tests.cxx
Linking CXX executable cmTC_49fb6
/home/siasunhebo/clion-2019.1.4/bin/cmake/linux/bin/cmake -E cmake_link_script CMakeFiles/cmTC_49fb6.dir/link.txt --verbose=1
/opt/poky/1.7/sysroots/x86_64-pokysdk-linux/usr/bin/arm-poky-linux-gnueabi/arm-poky-linux-gnueabi-g++   -march=armv7-a -mthumb-interwork -mfloat-abi=hard -mfpu=neon -mtune=cortex-a9 --sysroot=/opt/poky/1.7/sysroots/cortexa9hf-vfp-neon-poky-linux-gnueabi  -O2 -pipe -g -feliminate-unused-debug-types   -Wl,-O1 -Wl,--hash-style=gnu -Wl,--as-needed  CMakeFiles/cmTC_49fb6.dir/feature_tests.cxx.o  -o cmTC_49fb6 
make[1]:正在离开目录 `/home/siasunhebo/ggm/siasun-fhjqr11.11/cmake-build-debug/CMakeFiles/CMakeTmp'


    Feature record: CXX_FEATURE:0cxx_aggregate_default_initializers
    Feature record: CXX_FEATURE:0cxx_alias_templates
    Feature record: CXX_FEATURE:0cxx_alignas
    Feature record: CXX_FEATURE:0cxx_alignof
    Feature record: CXX_FEATURE:0cxx_attributes
    Feature record: CXX_FEATURE:0cxx_attribute_deprecated
    Feature record: CXX_FEATURE:0cxx_auto_type
    Feature record: CXX_FEATURE:0cxx_binary_literals
    Feature record: CXX_FEATURE:0cxx_constexpr
    Feature record: CXX_FEATURE:0cxx_contextual_conversions
    Feature record: CXX_FEATURE:0cxx_decltype
    Feature record: CXX_FEATURE:0cxx_decltype_auto
    Feature record: CXX_FEATURE:0cxx_decltype_incomplete_return_types
    Feature record: CXX_FEATURE:0cxx_default_function_template_args
    Feature record: CXX_FEATURE:0cxx_defaulted_functions
    Feature record: CXX_FEATURE:0cxx_defaulted_move_initializers
    Feature record: CXX_FEATURE:0cxx_delegating_constructors
    Feature record: CXX_FEATURE:0cxx_deleted_functions
    Feature record: CXX_FEATURE:0cxx_digit_separators
    Feature record: CXX_FEATURE:0cxx_enum_forward_declarations
    Feature record: CXX_FEATURE:0cxx_explicit_conversions
    Feature record: CXX_FEATURE:0cxx_extended_friend_declarations
    Feature record: CXX_FEATURE:0cxx_extern_templates
    Feature record: CXX_FEATURE:0cxx_final
    Feature record: CXX_FEATURE:0cxx_func_identifier
    Feature record: CXX_FEATURE:0cxx_generalized_initializers
    Feature record: CXX_FEATURE:0cxx_generic_lambdas
    Feature record: CXX_FEATURE:0cxx_inheriting_constructors
    Feature record: CXX_FEATURE:0cxx_inline_namespaces
    Feature record: CXX_FEATURE:0cxx_lambdas
    Feature record: CXX_FEATURE:0cxx_lambda_init_captures
    Feature record: CXX_FEATURE:0cxx_local_type_template_args
    Feature record: CXX_FEATURE:0cxx_long_long_type
    Feature record: CXX_FEATURE:0cxx_noexcept
    Feature record: CXX_FEATURE:0cxx_nonstatic_member_init
    Feature record: CXX_FEATURE:0cxx_nullptr
    Feature record: CXX_FEATURE:0cxx_override
    Feature record: CXX_FEATURE:0cxx_range_for
    Feature record: CXX_FEATURE:0cxx_raw_string_literals
    Feature record: CXX_FEATURE:0cxx_reference_qualified_functions
    Feature record: CXX_FEATURE:0cxx_relaxed_constexpr
    Feature record: CXX_FEATURE:0cxx_return_type_deduction
    Feature record: CXX_FEATURE:0cxx_right_angle_brackets
    Feature record: CXX_FEATURE:0cxx_rvalue_references
    Feature record: CXX_FEATURE:0cxx_sizeof_member
    Feature record: CXX_FEATURE:0cxx_static_assert
    Feature record: CXX_FEATURE:0cxx_strong_enums
    Feature record: CXX_FEATURE:1cxx_template_template_parameters
    Feature record: CXX_FEATURE:0cxx_thread_local
    Feature record: CXX_FEATURE:0cxx_trailing_return_types
    Feature record: CXX_FEATURE:0cxx_unicode_literals
    Feature record: CXX_FEATURE:0cxx_uniform_initialization
    Feature record: CXX_FEATURE:0cxx_unrestricted_unions
    Feature record: CXX_FEATURE:0cxx_user_literals
    Feature record: CXX_FEATURE:0cxx_variable_templates
    Feature record: CXX_FEATURE:0cxx_variadic_macros
    Feature record: CXX_FEATURE:0cxx_variadic_templates
